{"D:\\FoodBridge\\backend\\src\\controllers\\admin.controller.js": {"path":"D:\\FoodBridge\\backend\\src\\controllers\\admin.controller.js","statementMap":{"0":{"start":{"line":1,"column":13},"end":{"line":1,"column":36}},"1":{"start":{"line":2,"column":21},"end":{"line":2,"column":53}},"2":{"start":{"line":3,"column":24},"end":{"line":3,"column":59}},"3":{"start":{"line":8,"column":20},"end":{"line":122,"column":2}},"4":{"start":{"line":10,"column":21},"end":{"line":26,"column":4}},"5":{"start":{"line":28,"column":12},"end":{"line":28,"column":30}},"6":{"start":{"line":29,"column":26},"end":{"line":29,"column":49}},"7":{"start":{"line":30,"column":30},"end":{"line":30,"column":57}},"8":{"start":{"line":31,"column":35},"end":{"line":33,"column":87}},"9":{"start":{"line":36,"column":26},"end":{"line":43,"column":4}},"10":{"start":{"line":44,"column":24},"end":{"line":44,"column":53}},"11":{"start":{"line":47,"column":23},"end":{"line":66,"column":4}},"12":{"start":{"line":69,"column":21},"end":{"line":88,"column":4}},"13":{"start":{"line":91,"column":22},"end":{"line":95,"column":4}},"14":{"start":{"line":97,"column":12},"end":{"line":97,"column":31}},"15":{"start":{"line":99,"column":2},"end":{"line":121,"column":5}},"16":{"start":{"line":127,"column":21},"end":{"line":251,"column":2}},"17":{"start":{"line":129,"column":23},"end":{"line":136,"column":4}},"18":{"start":{"line":137,"column":17},"end":{"line":137,"column":37}},"19":{"start":{"line":138,"column":23},"end":{"line":138,"column":28}},"20":{"start":{"line":139,"column":20},"end":{"line":139,"column":75}},"21":{"start":{"line":143,"column":21},"end":{"line":160,"column":4}},"22":{"start":{"line":162,"column":21},"end":{"line":162,"column":63}},"23":{"start":{"line":163,"column":22},"end":{"line":163,"column":65}},"24":{"start":{"line":164,"column":29},"end":{"line":164,"column":53}},"25":{"start":{"line":167,"column":24},"end":{"line":173,"column":4}},"26":{"start":{"line":174,"column":13},"end":{"line":174,"column":34}},"27":{"start":{"line":175,"column":29},"end":{"line":177,"column":7}},"28":{"start":{"line":180,"column":26},"end":{"line":184,"column":4}},"29":{"start":{"line":185,"column":14},"end":{"line":185,"column":37}},"30":{"start":{"line":186,"column":23},"end":{"line":188,"column":7}},"31":{"start":{"line":191,"column":22},"end":{"line":193,"column":4}},"32":{"start":{"line":194,"column":28},"end":{"line":196,"column":7}},"33":{"start":{"line":199,"column":24},"end":{"line":210,"column":4}},"34":{"start":{"line":212,"column":18},"end":{"line":224,"column":4}},"35":{"start":{"line":213,"column":16},"end":{"line":213,"column":21}},"36":{"start":{"line":214,"column":4},"end":{"line":216,"column":56}},"37":{"start":{"line":214,"column":35},"end":{"line":214,"column":55}},"38":{"start":{"line":215,"column":9},"end":{"line":216,"column":56}},"39":{"start":{"line":215,"column":39},"end":{"line":215,"column":54}},"40":{"start":{"line":216,"column":9},"end":{"line":216,"column":56}},"41":{"start":{"line":216,"column":39},"end":{"line":216,"column":56}},"42":{"start":{"line":217,"column":4},"end":{"line":223,"column":6}},"43":{"start":{"line":226,"column":2},"end":{"line":250,"column":5}},"44":{"start":{"line":256,"column":24},"end":{"line":290,"column":2}},"45":{"start":{"line":257,"column":17},"end":{"line":270,"column":4}},"46":{"start":{"line":272,"column":17},"end":{"line":272,"column":110}},"47":{"start":{"line":273,"column":15},"end":{"line":284,"column":3}},"48":{"start":{"line":274,"column":4},"end":{"line":283,"column":15}},"49":{"start":{"line":285,"column":14},"end":{"line":285,"column":42}},"50":{"start":{"line":287,"column":2},"end":{"line":287,"column":44}},"51":{"start":{"line":288,"column":2},"end":{"line":288,"column":89}},"52":{"start":{"line":289,"column":2},"end":{"line":289,"column":35}},"53":{"start":{"line":295,"column":25},"end":{"line":318,"column":2}},"54":{"start":{"line":296,"column":17},"end":{"line":308,"column":4}},"55":{"start":{"line":310,"column":2},"end":{"line":317,"column":5}},"56":{"start":{"line":323,"column":27},"end":{"line":393,"column":2}},"57":{"start":{"line":324,"column":21},"end":{"line":324,"column":31}},"58":{"start":{"line":325,"column":21},"end":{"line":325,"column":29}},"59":{"start":{"line":326,"column":18},"end":{"line":326,"column":33}},"60":{"start":{"line":328,"column":2},"end":{"line":334,"column":3}},"61":{"start":{"line":329,"column":4},"end":{"line":333,"column":7}},"62":{"start":{"line":337,"column":20},"end":{"line":340,"column":3}},"63":{"start":{"line":342,"column":2},"end":{"line":348,"column":3}},"64":{"start":{"line":343,"column":4},"end":{"line":347,"column":7}},"65":{"start":{"line":350,"column":14},"end":{"line":350,"column":31}},"66":{"start":{"line":352,"column":17},"end":{"line":352,"column":37}},"67":{"start":{"line":353,"column":2},"end":{"line":392,"column":3}},"68":{"start":{"line":354,"column":4},"end":{"line":354,"column":32}},"69":{"start":{"line":356,"column":4},"end":{"line":370,"column":5}},"70":{"start":{"line":357,"column":6},"end":{"line":360,"column":8}},"71":{"start":{"line":361,"column":6},"end":{"line":364,"column":8}},"72":{"start":{"line":366,"column":6},"end":{"line":369,"column":8}},"73":{"start":{"line":373,"column":24},"end":{"line":373,"column":96}},"74":{"start":{"line":374,"column":4},"end":{"line":378,"column":6}},"75":{"start":{"line":380,"column":4},"end":{"line":380,"column":33}},"76":{"start":{"line":382,"column":4},"end":{"line":386,"column":7}},"77":{"start":{"line":388,"column":4},"end":{"line":388,"column":35}},"78":{"start":{"line":389,"column":4},"end":{"line":389,"column":14}},"79":{"start":{"line":391,"column":4},"end":{"line":391,"column":21}},"80":{"start":{"line":398,"column":22},"end":{"line":428,"column":2}},"81":{"start":{"line":399,"column":17},"end":{"line":409,"column":4}},"82":{"start":{"line":411,"column":19},"end":{"line":418,"column":5}},"83":{"start":{"line":411,"column":45},"end":{"line":418,"column":3}},"84":{"start":{"line":420,"column":2},"end":{"line":427,"column":5}},"85":{"start":{"line":433,"column":25},"end":{"line":484,"column":2}},"86":{"start":{"line":434,"column":25},"end":{"line":434,"column":35}},"87":{"start":{"line":435,"column":21},"end":{"line":435,"column":29}},"88":{"start":{"line":436,"column":18},"end":{"line":436,"column":33}},"89":{"start":{"line":438,"column":2},"end":{"line":444,"column":3}},"90":{"start":{"line":439,"column":4},"end":{"line":443,"column":7}},"91":{"start":{"line":447,"column":24},"end":{"line":450,"column":3}},"92":{"start":{"line":452,"column":2},"end":{"line":458,"column":3}},"93":{"start":{"line":453,"column":4},"end":{"line":457,"column":7}},"94":{"start":{"line":460,"column":20},"end":{"line":460,"column":68}},"95":{"start":{"line":462,"column":2},"end":{"line":465,"column":4}},"96":{"start":{"line":468,"column":2},"end":{"line":477,"column":4}},"97":{"start":{"line":479,"column":2},"end":{"line":483,"column":5}},"98":{"start":{"line":489,"column":17},"end":{"line":570,"column":2}},"99":{"start":{"line":490,"column":49},"end":{"line":490,"column":58}},"100":{"start":{"line":491,"column":18},"end":{"line":491,"column":43}},"101":{"start":{"line":492,"column":19},"end":{"line":492,"column":60}},"102":{"start":{"line":493,"column":17},"end":{"line":493,"column":41}},"103":{"start":{"line":496,"column":23},"end":{"line":505,"column":4}},"104":{"start":{"line":508,"column":21},"end":{"line":508,"column":23}},"105":{"start":{"line":509,"column":17},"end":{"line":509,"column":19}},"106":{"start":{"line":510,"column":17},"end":{"line":510,"column":18}},"107":{"start":{"line":512,"column":2},"end":{"line":520,"column":3}},"108":{"start":{"line":513,"column":4},"end":{"line":517,"column":8}},"109":{"start":{"line":518,"column":4},"end":{"line":518,"column":31}},"110":{"start":{"line":519,"column":4},"end":{"line":519,"column":15}},"111":{"start":{"line":522,"column":2},"end":{"line":526,"column":3}},"112":{"start":{"line":523,"column":4},"end":{"line":523,"column":45}},"113":{"start":{"line":524,"column":4},"end":{"line":524,"column":22}},"114":{"start":{"line":525,"column":4},"end":{"line":525,"column":15}},"115":{"start":{"line":528,"column":22},"end":{"line":530,"column":8}},"116":{"start":{"line":533,"column":21},"end":{"line":536,"column":3}},"117":{"start":{"line":537,"column":16},"end":{"line":537,"column":40}},"118":{"start":{"line":540,"column":22},"end":{"line":554,"column":3}},"119":{"start":{"line":556,"column":2},"end":{"line":569,"column":5}},"120":{"start":{"line":575,"column":19},"end":{"line":624,"column":2}},"121":{"start":{"line":576,"column":22},"end":{"line":576,"column":32}},"122":{"start":{"line":577,"column":24},"end":{"line":577,"column":32}},"123":{"start":{"line":578,"column":18},"end":{"line":578,"column":33}},"124":{"start":{"line":580,"column":2},"end":{"line":586,"column":3}},"125":{"start":{"line":581,"column":4},"end":{"line":585,"column":7}},"126":{"start":{"line":589,"column":21},"end":{"line":592,"column":3}},"127":{"start":{"line":594,"column":2},"end":{"line":600,"column":3}},"128":{"start":{"line":595,"column":4},"end":{"line":599,"column":7}},"129":{"start":{"line":602,"column":2},"end":{"line":605,"column":4}},"130":{"start":{"line":608,"column":2},"end":{"line":617,"column":4}},"131":{"start":{"line":619,"column":2},"end":{"line":623,"column":5}},"132":{"start":{"line":629,"column":22},"end":{"line":649,"column":2}},"133":{"start":{"line":630,"column":17},"end":{"line":642,"column":4}},"134":{"start":{"line":644,"column":2},"end":{"line":648,"column":5}},"135":{"start":{"line":654,"column":23},"end":{"line":693,"column":2}},"136":{"start":{"line":655,"column":42},"end":{"line":655,"column":50}},"137":{"start":{"line":657,"column":2},"end":{"line":663,"column":3}},"138":{"start":{"line":658,"column":4},"end":{"line":662,"column":7}},"139":{"start":{"line":666,"column":19},"end":{"line":669,"column":3}},"140":{"start":{"line":670,"column":2},"end":{"line":676,"column":3}},"141":{"start":{"line":671,"column":4},"end":{"line":675,"column":7}},"142":{"start":{"line":678,"column":17},"end":{"line":683,"column":3}},"143":{"start":{"line":686,"column":2},"end":{"line":686,"column":54}},"144":{"start":{"line":688,"column":2},"end":{"line":692,"column":5}},"145":{"start":{"line":698,"column":23},"end":{"line":760,"column":2}},"146":{"start":{"line":699,"column":26},"end":{"line":699,"column":36}},"147":{"start":{"line":700,"column":53},"end":{"line":700,"column":61}},"148":{"start":{"line":703,"column":20},"end":{"line":706,"column":3}},"149":{"start":{"line":708,"column":2},"end":{"line":714,"column":3}},"150":{"start":{"line":709,"column":4},"end":{"line":713,"column":7}},"151":{"start":{"line":717,"column":18},"end":{"line":717,"column":20}},"152":{"start":{"line":718,"column":17},"end":{"line":718,"column":19}},"153":{"start":{"line":719,"column":12},"end":{"line":719,"column":13}},"154":{"start":{"line":721,"column":2},"end":{"line":724,"column":3}},"155":{"start":{"line":722,"column":4},"end":{"line":722,"column":37}},"156":{"start":{"line":723,"column":4},"end":{"line":723,"column":29}},"157":{"start":{"line":725,"column":2},"end":{"line":728,"column":3}},"158":{"start":{"line":726,"column":4},"end":{"line":726,"column":44}},"159":{"start":{"line":727,"column":4},"end":{"line":727,"column":29}},"160":{"start":{"line":729,"column":2},"end":{"line":732,"column":3}},"161":{"start":{"line":730,"column":4},"end":{"line":730,"column":41}},"162":{"start":{"line":731,"column":4},"end":{"line":731,"column":26}},"163":{"start":{"line":733,"column":2},"end":{"line":736,"column":3}},"164":{"start":{"line":734,"column":4},"end":{"line":734,"column":42}},"165":{"start":{"line":735,"column":4},"end":{"line":735,"column":27}},"166":{"start":{"line":738,"column":2},"end":{"line":744,"column":3}},"167":{"start":{"line":739,"column":4},"end":{"line":743,"column":7}},"168":{"start":{"line":746,"column":2},"end":{"line":746,"column":27}},"169":{"start":{"line":747,"column":17},"end":{"line":750,"column":3}},"170":{"start":{"line":753,"column":2},"end":{"line":753,"column":54}},"171":{"start":{"line":755,"column":2},"end":{"line":759,"column":5}},"172":{"start":{"line":765,"column":22},"end":{"line":862,"column":2}},"173":{"start":{"line":766,"column":52},"end":{"line":766,"column":60}},"174":{"start":{"line":767,"column":18},"end":{"line":767,"column":33}},"175":{"start":{"line":769,"column":2},"end":{"line":775,"column":3}},"176":{"start":{"line":770,"column":4},"end":{"line":774,"column":7}},"177":{"start":{"line":777,"column":21},"end":{"line":777,"column":65}},"178":{"start":{"line":778,"column":2},"end":{"line":784,"column":3}},"179":{"start":{"line":779,"column":4},"end":{"line":783,"column":7}},"180":{"start":{"line":786,"column":17},"end":{"line":786,"column":37}},"181":{"start":{"line":787,"column":2},"end":{"line":861,"column":3}},"182":{"start":{"line":788,"column":4},"end":{"line":788,"column":32}},"183":{"start":{"line":791,"column":28},"end":{"line":796,"column":5}},"184":{"start":{"line":797,"column":22},"end":{"line":797,"column":45}},"185":{"start":{"line":800,"column":21},"end":{"line":800,"column":71}},"186":{"start":{"line":801,"column":24},"end":{"line":801,"column":26}},"187":{"start":{"line":802,"column":4},"end":{"line":805,"column":5}},"188":{"start":{"line":803,"column":6},"end":{"line":803,"column":37}},"189":{"start":{"line":804,"column":6},"end":{"line":804,"column":36}},"190":{"start":{"line":806,"column":24},"end":{"line":806,"column":67}},"191":{"start":{"line":809,"column":4},"end":{"line":825,"column":5}},"192":{"start":{"line":810,"column":24},"end":{"line":812,"column":19}},"193":{"start":{"line":811,"column":23},"end":{"line":811,"column":93}},"194":{"start":{"line":813,"column":27},"end":{"line":818,"column":8}},"195":{"start":{"line":813,"column":59},"end":{"line":818,"column":7}},"196":{"start":{"line":820,"column":6},"end":{"line":824,"column":8}},"197":{"start":{"line":828,"column":4},"end":{"line":839,"column":6}},"198":{"start":{"line":841,"column":4},"end":{"line":841,"column":33}},"199":{"start":{"line":843,"column":4},"end":{"line":855,"column":7}},"200":{"start":{"line":857,"column":4},"end":{"line":857,"column":35}},"201":{"start":{"line":858,"column":4},"end":{"line":858,"column":14}},"202":{"start":{"line":860,"column":4},"end":{"line":860,"column":21}},"203":{"start":{"line":867,"column":22},"end":{"line":886,"column":2}},"204":{"start":{"line":868,"column":17},"end":{"line":879,"column":4}},"205":{"start":{"line":881,"column":2},"end":{"line":885,"column":5}},"206":{"start":{"line":891,"column":0},"end":{"line":906,"column":2}}},"fnMap":{"0":{"name":"(anonymous_0)","decl":{"start":{"line":8,"column":33},"end":{"line":8,"column":34}},"loc":{"start":{"line":8,"column":53},"end":{"line":122,"column":1}},"line":8},"1":{"name":"(anonymous_1)","decl":{"start":{"line":127,"column":34},"end":{"line":127,"column":35}},"loc":{"start":{"line":127,"column":55},"end":{"line":251,"column":1}},"line":127},"2":{"name":"(anonymous_2)","decl":{"start":{"line":212,"column":41},"end":{"line":212,"column":42}},"loc":{"start":{"line":212,"column":50},"end":{"line":224,"column":3}},"line":212},"3":{"name":"(anonymous_3)","decl":{"start":{"line":256,"column":37},"end":{"line":256,"column":38}},"loc":{"start":{"line":256,"column":58},"end":{"line":290,"column":1}},"line":256},"4":{"name":"(anonymous_4)","decl":{"start":{"line":273,"column":31},"end":{"line":273,"column":32}},"loc":{"start":{"line":274,"column":4},"end":{"line":283,"column":15}},"line":274},"5":{"name":"(anonymous_5)","decl":{"start":{"line":295,"column":38},"end":{"line":295,"column":39}},"loc":{"start":{"line":295,"column":59},"end":{"line":318,"column":1}},"line":295},"6":{"name":"(anonymous_6)","decl":{"start":{"line":323,"column":40},"end":{"line":323,"column":41}},"loc":{"start":{"line":323,"column":60},"end":{"line":393,"column":1}},"line":323},"7":{"name":"(anonymous_7)","decl":{"start":{"line":398,"column":35},"end":{"line":398,"column":36}},"loc":{"start":{"line":398,"column":56},"end":{"line":428,"column":1}},"line":398},"8":{"name":"(anonymous_8)","decl":{"start":{"line":411,"column":35},"end":{"line":411,"column":36}},"loc":{"start":{"line":411,"column":45},"end":{"line":418,"column":3}},"line":411},"9":{"name":"(anonymous_9)","decl":{"start":{"line":433,"column":38},"end":{"line":433,"column":39}},"loc":{"start":{"line":433,"column":58},"end":{"line":484,"column":1}},"line":433},"10":{"name":"(anonymous_10)","decl":{"start":{"line":489,"column":30},"end":{"line":489,"column":31}},"loc":{"start":{"line":489,"column":50},"end":{"line":570,"column":1}},"line":489},"11":{"name":"(anonymous_11)","decl":{"start":{"line":575,"column":32},"end":{"line":575,"column":33}},"loc":{"start":{"line":575,"column":52},"end":{"line":624,"column":1}},"line":575},"12":{"name":"(anonymous_12)","decl":{"start":{"line":629,"column":35},"end":{"line":629,"column":36}},"loc":{"start":{"line":629,"column":56},"end":{"line":649,"column":1}},"line":629},"13":{"name":"(anonymous_13)","decl":{"start":{"line":654,"column":36},"end":{"line":654,"column":37}},"loc":{"start":{"line":654,"column":56},"end":{"line":693,"column":1}},"line":654},"14":{"name":"(anonymous_14)","decl":{"start":{"line":698,"column":36},"end":{"line":698,"column":37}},"loc":{"start":{"line":698,"column":56},"end":{"line":760,"column":1}},"line":698},"15":{"name":"(anonymous_15)","decl":{"start":{"line":765,"column":35},"end":{"line":765,"column":36}},"loc":{"start":{"line":765,"column":55},"end":{"line":862,"column":1}},"line":765},"16":{"name":"(anonymous_16)","decl":{"start":{"line":811,"column":13},"end":{"line":811,"column":14}},"loc":{"start":{"line":811,"column":23},"end":{"line":811,"column":93}},"line":811},"17":{"name":"(anonymous_17)","decl":{"start":{"line":813,"column":52},"end":{"line":813,"column":53}},"loc":{"start":{"line":813,"column":59},"end":{"line":818,"column":7}},"line":813},"18":{"name":"(anonymous_18)","decl":{"start":{"line":867,"column":35},"end":{"line":867,"column":36}},"loc":{"start":{"line":867,"column":56},"end":{"line":886,"column":1}},"line":867}},"branchMap":{"0":{"loc":{"start":{"line":29,"column":26},"end":{"line":29,"column":49}},"type":"binary-expr","locations":[{"start":{"line":29,"column":26},"end":{"line":29,"column":44}},{"start":{"line":29,"column":48},"end":{"line":29,"column":49}}],"line":29},"1":{"loc":{"start":{"line":30,"column":30},"end":{"line":30,"column":57}},"type":"binary-expr","locations":[{"start":{"line":30,"column":30},"end":{"line":30,"column":52}},{"start":{"line":30,"column":56},"end":{"line":30,"column":57}}],"line":30},"2":{"loc":{"start":{"line":31,"column":35},"end":{"line":33,"column":87}},"type":"cond-expr","locations":[{"start":{"line":32,"column":7},"end":{"line":32,"column":36}},{"start":{"line":33,"column":6},"end":{"line":33,"column":87}}],"line":31},"3":{"loc":{"start":{"line":32,"column":7},"end":{"line":32,"column":36}},"type":"cond-expr","locations":[{"start":{"line":32,"column":29},"end":{"line":32,"column":32}},{"start":{"line":32,"column":35},"end":{"line":32,"column":36}}],"line":32},"4":{"loc":{"start":{"line":175,"column":29},"end":{"line":177,"column":7}},"type":"cond-expr","locations":[{"start":{"line":176,"column":6},"end":{"line":176,"column":49}},{"start":{"line":177,"column":6},"end":{"line":177,"column":7}}],"line":175},"5":{"loc":{"start":{"line":186,"column":23},"end":{"line":188,"column":7}},"type":"cond-expr","locations":[{"start":{"line":187,"column":6},"end":{"line":187,"column":58}},{"start":{"line":188,"column":6},"end":{"line":188,"column":7}}],"line":186},"6":{"loc":{"start":{"line":194,"column":28},"end":{"line":196,"column":7}},"type":"cond-expr","locations":[{"start":{"line":195,"column":6},"end":{"line":195,"column":66}},{"start":{"line":196,"column":6},"end":{"line":196,"column":7}}],"line":194},"7":{"loc":{"start":{"line":214,"column":4},"end":{"line":216,"column":56}},"type":"if","locations":[{"start":{"line":214,"column":4},"end":{"line":216,"column":56}},{"start":{"line":215,"column":9},"end":{"line":216,"column":56}}],"line":214},"8":{"loc":{"start":{"line":215,"column":9},"end":{"line":216,"column":56}},"type":"if","locations":[{"start":{"line":215,"column":9},"end":{"line":216,"column":56}},{"start":{"line":216,"column":9},"end":{"line":216,"column":56}}],"line":215},"9":{"loc":{"start":{"line":216,"column":9},"end":{"line":216,"column":56}},"type":"if","locations":[{"start":{"line":216,"column":9},"end":{"line":216,"column":56}},{"start":{},"end":{}}],"line":216},"10":{"loc":{"start":{"line":219,"column":11},"end":{"line":219,"column":47}},"type":"cond-expr","locations":[{"start":{"line":219,"column":21},"end":{"line":219,"column":40}},{"start":{"line":219,"column":43},"end":{"line":219,"column":47}}],"line":219},"11":{"loc":{"start":{"line":220,"column":11},"end":{"line":220,"column":47}},"type":"cond-expr","locations":[{"start":{"line":220,"column":21},"end":{"line":220,"column":40}},{"start":{"line":220,"column":43},"end":{"line":220,"column":47}}],"line":220},"12":{"loc":{"start":{"line":276,"column":11},"end":{"line":276,"column":23}},"type":"binary-expr","locations":[{"start":{"line":276,"column":11},"end":{"line":276,"column":17}},{"start":{"line":276,"column":21},"end":{"line":276,"column":23}}],"line":276},"13":{"loc":{"start":{"line":328,"column":2},"end":{"line":334,"column":3}},"type":"if","locations":[{"start":{"line":328,"column":2},"end":{"line":334,"column":3}},{"start":{},"end":{}}],"line":328},"14":{"loc":{"start":{"line":328,"column":6},"end":{"line":328,"column":56}},"type":"binary-expr","locations":[{"start":{"line":328,"column":6},"end":{"line":328,"column":13}},{"start":{"line":328,"column":17},"end":{"line":328,"column":56}}],"line":328},"15":{"loc":{"start":{"line":342,"column":2},"end":{"line":348,"column":3}},"type":"if","locations":[{"start":{"line":342,"column":2},"end":{"line":348,"column":3}},{"start":{},"end":{}}],"line":342},"16":{"loc":{"start":{"line":356,"column":4},"end":{"line":370,"column":5}},"type":"if","locations":[{"start":{"line":356,"column":4},"end":{"line":370,"column":5}},{"start":{"line":365,"column":11},"end":{"line":370,"column":5}}],"line":356},"17":{"loc":{"start":{"line":373,"column":24},"end":{"line":373,"column":96}},"type":"cond-expr","locations":[{"start":{"line":373,"column":47},"end":{"line":373,"column":70}},{"start":{"line":373,"column":73},"end":{"line":373,"column":96}}],"line":373},"18":{"loc":{"start":{"line":384,"column":43},"end":{"line":384,"column":89}},"type":"cond-expr","locations":[{"start":{"line":384,"column":66},"end":{"line":384,"column":76}},{"start":{"line":384,"column":79},"end":{"line":384,"column":89}}],"line":384},"19":{"loc":{"start":{"line":385,"column":31},"end":{"line":385,"column":77}},"type":"cond-expr","locations":[{"start":{"line":385,"column":54},"end":{"line":385,"column":64}},{"start":{"line":385,"column":67},"end":{"line":385,"column":77}}],"line":385},"20":{"loc":{"start":{"line":438,"column":2},"end":{"line":444,"column":3}},"type":"if","locations":[{"start":{"line":438,"column":2},"end":{"line":444,"column":3}},{"start":{},"end":{}}],"line":438},"21":{"loc":{"start":{"line":438,"column":6},"end":{"line":438,"column":56}},"type":"binary-expr","locations":[{"start":{"line":438,"column":6},"end":{"line":438,"column":13}},{"start":{"line":438,"column":17},"end":{"line":438,"column":56}}],"line":438},"22":{"loc":{"start":{"line":452,"column":2},"end":{"line":458,"column":3}},"type":"if","locations":[{"start":{"line":452,"column":2},"end":{"line":458,"column":3}},{"start":{},"end":{}}],"line":452},"23":{"loc":{"start":{"line":460,"column":20},"end":{"line":460,"column":68}},"type":"cond-expr","locations":[{"start":{"line":460,"column":43},"end":{"line":460,"column":54}},{"start":{"line":460,"column":57},"end":{"line":460,"column":68}}],"line":460},"24":{"loc":{"start":{"line":473,"column":6},"end":{"line":473,"column":68}},"type":"cond-expr","locations":[{"start":{"line":473,"column":29},"end":{"line":473,"column":48}},{"start":{"line":473,"column":51},"end":{"line":473,"column":68}}],"line":473},"25":{"loc":{"start":{"line":482,"column":24},"end":{"line":482,"column":82}},"type":"cond-expr","locations":[{"start":{"line":482,"column":47},"end":{"line":482,"column":70}},{"start":{"line":482,"column":73},"end":{"line":482,"column":82}}],"line":482},"26":{"loc":{"start":{"line":490,"column":24},"end":{"line":490,"column":32}},"type":"default-arg","locations":[{"start":{"line":490,"column":31},"end":{"line":490,"column":32}}],"line":490},"27":{"loc":{"start":{"line":490,"column":34},"end":{"line":490,"column":44}},"type":"default-arg","locations":[{"start":{"line":490,"column":42},"end":{"line":490,"column":44}}],"line":490},"28":{"loc":{"start":{"line":512,"column":2},"end":{"line":520,"column":3}},"type":"if","locations":[{"start":{"line":512,"column":2},"end":{"line":520,"column":3}},{"start":{},"end":{}}],"line":512},"29":{"loc":{"start":{"line":522,"column":2},"end":{"line":526,"column":3}},"type":"if","locations":[{"start":{"line":522,"column":2},"end":{"line":526,"column":3}},{"start":{},"end":{}}],"line":522},"30":{"loc":{"start":{"line":528,"column":22},"end":{"line":530,"column":8}},"type":"cond-expr","locations":[{"start":{"line":529,"column":6},"end":{"line":529,"column":41}},{"start":{"line":530,"column":6},"end":{"line":530,"column":8}}],"line":528},"31":{"loc":{"start":{"line":580,"column":2},"end":{"line":586,"column":3}},"type":"if","locations":[{"start":{"line":580,"column":2},"end":{"line":586,"column":3}},{"start":{},"end":{}}],"line":580},"32":{"loc":{"start":{"line":594,"column":2},"end":{"line":600,"column":3}},"type":"if","locations":[{"start":{"line":594,"column":2},"end":{"line":600,"column":3}},{"start":{},"end":{}}],"line":594},"33":{"loc":{"start":{"line":613,"column":6},"end":{"line":613,"column":55}},"type":"cond-expr","locations":[{"start":{"line":613,"column":18},"end":{"line":613,"column":36}},{"start":{"line":613,"column":39},"end":{"line":613,"column":55}}],"line":613},"34":{"loc":{"start":{"line":622,"column":21},"end":{"line":622,"column":60}},"type":"cond-expr","locations":[{"start":{"line":622,"column":33},"end":{"line":622,"column":46}},{"start":{"line":622,"column":49},"end":{"line":622,"column":60}}],"line":622},"35":{"loc":{"start":{"line":657,"column":2},"end":{"line":663,"column":3}},"type":"if","locations":[{"start":{"line":657,"column":2},"end":{"line":663,"column":3}},{"start":{},"end":{}}],"line":657},"36":{"loc":{"start":{"line":657,"column":6},"end":{"line":657,"column":27}},"type":"binary-expr","locations":[{"start":{"line":657,"column":6},"end":{"line":657,"column":11}},{"start":{"line":657,"column":15},"end":{"line":657,"column":27}}],"line":657},"37":{"loc":{"start":{"line":670,"column":2},"end":{"line":676,"column":3}},"type":"if","locations":[{"start":{"line":670,"column":2},"end":{"line":676,"column":3}},{"start":{},"end":{}}],"line":670},"38":{"loc":{"start":{"line":682,"column":18},"end":{"line":682,"column":37}},"type":"binary-expr","locations":[{"start":{"line":682,"column":18},"end":{"line":682,"column":29}},{"start":{"line":682,"column":33},"end":{"line":682,"column":37}}],"line":682},"39":{"loc":{"start":{"line":682,"column":39},"end":{"line":682,"column":55}},"type":"binary-expr","locations":[{"start":{"line":682,"column":39},"end":{"line":682,"column":47}},{"start":{"line":682,"column":51},"end":{"line":682,"column":55}}],"line":682},"40":{"loc":{"start":{"line":708,"column":2},"end":{"line":714,"column":3}},"type":"if","locations":[{"start":{"line":708,"column":2},"end":{"line":714,"column":3}},{"start":{},"end":{}}],"line":708},"41":{"loc":{"start":{"line":721,"column":2},"end":{"line":724,"column":3}},"type":"if","locations":[{"start":{"line":721,"column":2},"end":{"line":724,"column":3}},{"start":{},"end":{}}],"line":721},"42":{"loc":{"start":{"line":725,"column":2},"end":{"line":728,"column":3}},"type":"if","locations":[{"start":{"line":725,"column":2},"end":{"line":728,"column":3}},{"start":{},"end":{}}],"line":725},"43":{"loc":{"start":{"line":729,"column":2},"end":{"line":732,"column":3}},"type":"if","locations":[{"start":{"line":729,"column":2},"end":{"line":732,"column":3}},{"start":{},"end":{}}],"line":729},"44":{"loc":{"start":{"line":733,"column":2},"end":{"line":736,"column":3}},"type":"if","locations":[{"start":{"line":733,"column":2},"end":{"line":736,"column":3}},{"start":{},"end":{}}],"line":733},"45":{"loc":{"start":{"line":738,"column":2},"end":{"line":744,"column":3}},"type":"if","locations":[{"start":{"line":738,"column":2},"end":{"line":744,"column":3}},{"start":{},"end":{}}],"line":738},"46":{"loc":{"start":{"line":769,"column":2},"end":{"line":775,"column":3}},"type":"if","locations":[{"start":{"line":769,"column":2},"end":{"line":775,"column":3}},{"start":{},"end":{}}],"line":769},"47":{"loc":{"start":{"line":769,"column":6},"end":{"line":769,"column":24}},"type":"binary-expr","locations":[{"start":{"line":769,"column":6},"end":{"line":769,"column":12}},{"start":{"line":769,"column":16},"end":{"line":769,"column":24}}],"line":769},"48":{"loc":{"start":{"line":778,"column":2},"end":{"line":784,"column":3}},"type":"if","locations":[{"start":{"line":778,"column":2},"end":{"line":784,"column":3}},{"start":{},"end":{}}],"line":778},"49":{"loc":{"start":{"line":778,"column":6},"end":{"line":778,"column":54}},"type":"binary-expr","locations":[{"start":{"line":778,"column":6},"end":{"line":778,"column":17}},{"start":{"line":778,"column":21},"end":{"line":778,"column":54}}],"line":778},"50":{"loc":{"start":{"line":795,"column":32},"end":{"line":795,"column":51}},"type":"binary-expr","locations":[{"start":{"line":795,"column":32},"end":{"line":795,"column":43}},{"start":{"line":795,"column":47},"end":{"line":795,"column":51}}],"line":795},"51":{"loc":{"start":{"line":802,"column":4},"end":{"line":805,"column":5}},"type":"if","locations":[{"start":{"line":802,"column":4},"end":{"line":805,"column":5}},{"start":{},"end":{}}],"line":802},"52":{"loc":{"start":{"line":809,"column":4},"end":{"line":825,"column":5}},"type":"if","locations":[{"start":{"line":809,"column":4},"end":{"line":825,"column":5}},{"start":{},"end":{}}],"line":809},"53":{"loc":{"start":{"line":817,"column":73},"end":{"line":817,"column":93}},"type":"binary-expr","locations":[{"start":{"line":817,"column":73},"end":{"line":817,"column":81}},{"start":{"line":817,"column":85},"end":{"line":817,"column":93}}],"line":817},"54":{"loc":{"start":{"line":835,"column":23},"end":{"line":835,"column":43}},"type":"binary-expr","locations":[{"start":{"line":835,"column":23},"end":{"line":835,"column":34}},{"start":{"line":835,"column":38},"end":{"line":835,"column":43}}],"line":835},"55":{"loc":{"start":{"line":849,"column":23},"end":{"line":849,"column":53}},"type":"binary-expr","locations":[{"start":{"line":849,"column":23},"end":{"line":849,"column":44}},{"start":{"line":849,"column":48},"end":{"line":849,"column":53}}],"line":849}},"s":{"0":2,"1":2,"2":2,"3":2,"4":1,"5":1,"6":1,"7":1,"8":1,"9":1,"10":1,"11":1,"12":1,"13":1,"14":1,"15":1,"16":2,"17":1,"18":1,"19":1,"20":1,"21":1,"22":1,"23":1,"24":1,"25":1,"26":1,"27":1,"28":1,"29":1,"30":1,"31":1,"32":1,"33":1,"34":1,"35":1,"36":1,"37":0,"38":1,"39":0,"40":1,"41":1,"42":1,"43":1,"44":2,"45":1,"46":1,"47":1,"48":1,"49":1,"50":1,"51":1,"52":1,"53":2,"54":1,"55":1,"56":2,"57":4,"58":4,"59":4,"60":4,"61":1,"62":3,"63":3,"64":1,"65":2,"66":2,"67":2,"68":2,"69":2,"70":1,"71":1,"72":1,"73":2,"74":2,"75":2,"76":2,"77":0,"78":0,"79":2,"80":2,"81":1,"82":1,"83":1,"84":1,"85":2,"86":4,"87":4,"88":4,"89":4,"90":1,"91":3,"92":3,"93":1,"94":2,"95":2,"96":2,"97":2,"98":2,"99":2,"100":2,"101":2,"102":2,"103":2,"104":2,"105":2,"106":2,"107":2,"108":1,"109":1,"110":1,"111":2,"112":0,"113":0,"114":0,"115":2,"116":2,"117":2,"118":2,"119":2,"120":2,"121":4,"122":4,"123":4,"124":4,"125":1,"126":3,"127":3,"128":1,"129":2,"130":2,"131":2,"132":2,"133":1,"134":1,"135":2,"136":3,"137":3,"138":1,"139":2,"140":2,"141":1,"142":1,"143":1,"144":1,"145":2,"146":3,"147":3,"148":3,"149":3,"150":1,"151":2,"152":2,"153":2,"154":2,"155":1,"156":1,"157":2,"158":0,"159":0,"160":2,"161":0,"162":0,"163":2,"164":0,"165":0,"166":2,"167":1,"168":1,"169":1,"170":1,"171":1,"172":2,"173":3,"174":3,"175":3,"176":1,"177":2,"178":2,"179":1,"180":1,"181":1,"182":1,"183":1,"184":1,"185":1,"186":1,"187":1,"188":0,"189":0,"190":1,"191":1,"192":1,"193":2,"194":1,"195":2,"196":1,"197":1,"198":1,"199":1,"200":0,"201":0,"202":1,"203":2,"204":1,"205":1,"206":2},"f":{"0":1,"1":1,"2":1,"3":1,"4":1,"5":1,"6":4,"7":1,"8":1,"9":4,"10":2,"11":4,"12":1,"13":3,"14":3,"15":3,"16":2,"17":2,"18":1},"b":{"0":[1,0],"1":[1,0],"2":[0,1],"3":[0,0],"4":[1,0],"5":[1,0],"6":[1,0],"7":[0,1],"8":[0,1],"9":[1,0],"10":[1,0],"11":[1,0],"12":[1,0],"13":[1,3],"14":[4,4],"15":[1,2],"16":[1,1],"17":[1,1],"18":[1,1],"19":[1,1],"20":[1,3],"21":[4,4],"22":[1,2],"23":[1,1],"24":[1,1],"25":[1,1],"26":[1],"27":[1],"28":[1,1],"29":[0,2],"30":[1,1],"31":[1,3],"32":[1,2],"33":[1,1],"34":[1,1],"35":[1,2],"36":[3,2],"37":[1,1],"38":[1,1],"39":[1,1],"40":[1,2],"41":[1,1],"42":[0,2],"43":[0,2],"44":[0,2],"45":[1,1],"46":[1,2],"47":[3,2],"48":[1,1],"49":[2,1],"50":[1,1],"51":[0,1],"52":[1,0],"53":[2,2],"54":[1,1],"55":[1,1]},"_coverageSchema":"1a1c01bbd47fc00a2c39e90264f33305004495a9","hash":"496c69284fa4d5381db5ccd6c915ce39e5148494"}
,"D:\\FoodBridge\\backend\\src\\controllers\\auth.controller.js": {"path":"D:\\FoodBridge\\backend\\src\\controllers\\auth.controller.js","statementMap":{"0":{"start":{"line":1,"column":15},"end":{"line":1,"column":32}},"1":{"start":{"line":2,"column":15},"end":{"line":2,"column":34}},"2":{"start":{"line":3,"column":12},"end":{"line":3,"column":35}},"3":{"start":{"line":4,"column":13},"end":{"line":4,"column":36}},"4":{"start":{"line":5,"column":21},"end":{"line":5,"column":53}},"5":{"start":{"line":6,"column":48},"end":{"line":6,"column":82}},"6":{"start":{"line":7,"column":35},"end":{"line":7,"column":71}},"7":{"start":{"line":10,"column":30},"end":{"line":15,"column":1}},"8":{"start":{"line":17,"column":31},"end":{"line":22,"column":1}},"9":{"start":{"line":27,"column":24},"end":{"line":30,"column":1}},"10":{"start":{"line":28,"column":4},"end":{"line":28,"column":66}},"11":{"start":{"line":29,"column":4},"end":{"line":29,"column":69}},"12":{"start":{"line":36,"column":17},"end":{"line":85,"column":2}},"13":{"start":{"line":37,"column":68},"end":{"line":37,"column":76}},"14":{"start":{"line":40,"column":21},"end":{"line":40,"column":92}},"15":{"start":{"line":41,"column":4},"end":{"line":47,"column":5}},"16":{"start":{"line":42,"column":8},"end":{"line":46,"column":11}},"17":{"start":{"line":50,"column":26},"end":{"line":50,"column":57}},"18":{"start":{"line":53,"column":19},"end":{"line":53,"column":37}},"19":{"start":{"line":54,"column":19},"end":{"line":59,"column":5}},"20":{"start":{"line":61,"column":17},"end":{"line":61,"column":31}},"21":{"start":{"line":64,"column":4},"end":{"line":70,"column":5}},"22":{"start":{"line":65,"column":8},"end":{"line":69,"column":10}},"23":{"start":{"line":73,"column":42},"end":{"line":73,"column":68}},"24":{"start":{"line":74,"column":4},"end":{"line":74,"column":52}},"25":{"start":{"line":76,"column":4},"end":{"line":84,"column":7}},"26":{"start":{"line":91,"column":14},"end":{"line":135,"column":2}},"27":{"start":{"line":92,"column":32},"end":{"line":92,"column":40}},"28":{"start":{"line":95,"column":19},"end":{"line":95,"column":84}},"29":{"start":{"line":96,"column":4},"end":{"line":102,"column":5}},"30":{"start":{"line":97,"column":8},"end":{"line":101,"column":11}},"31":{"start":{"line":104,"column":17},"end":{"line":104,"column":31}},"32":{"start":{"line":107,"column":20},"end":{"line":107,"column":70}},"33":{"start":{"line":108,"column":4},"end":{"line":114,"column":5}},"34":{"start":{"line":109,"column":8},"end":{"line":113,"column":11}},"35":{"start":{"line":117,"column":4},"end":{"line":117,"column":98}},"36":{"start":{"line":120,"column":42},"end":{"line":120,"column":68}},"37":{"start":{"line":121,"column":4},"end":{"line":121,"column":52}},"38":{"start":{"line":124,"column":46},"end":{"line":124,"column":50}},"39":{"start":{"line":126,"column":4},"end":{"line":134,"column":7}},"40":{"start":{"line":141,"column":15},"end":{"line":167,"column":2}},"41":{"start":{"line":142,"column":23},"end":{"line":142,"column":31}},"42":{"start":{"line":145,"column":19},"end":{"line":148,"column":5}},"43":{"start":{"line":150,"column":4},"end":{"line":156,"column":5}},"44":{"start":{"line":151,"column":8},"end":{"line":155,"column":11}},"45":{"start":{"line":159,"column":4},"end":{"line":159,"column":35}},"46":{"start":{"line":160,"column":4},"end":{"line":160,"column":36}},"47":{"start":{"line":162,"column":4},"end":{"line":166,"column":7}},"48":{"start":{"line":173,"column":16},"end":{"line":219,"column":2}},"49":{"start":{"line":174,"column":23},"end":{"line":174,"column":31}},"50":{"start":{"line":177,"column":19},"end":{"line":180,"column":5}},"51":{"start":{"line":182,"column":4},"end":{"line":188,"column":5}},"52":{"start":{"line":183,"column":8},"end":{"line":187,"column":11}},"53":{"start":{"line":190,"column":24},"end":{"line":190,"column":44}},"54":{"start":{"line":194,"column":4},"end":{"line":204,"column":5}},"55":{"start":{"line":195,"column":8},"end":{"line":195,"column":74}},"56":{"start":{"line":198,"column":8},"end":{"line":198,"column":84}},"57":{"start":{"line":199,"column":8},"end":{"line":203,"column":11}},"58":{"start":{"line":207,"column":24},"end":{"line":211,"column":6}},"59":{"start":{"line":212,"column":4},"end":{"line":212,"column":66}},"60":{"start":{"line":214,"column":4},"end":{"line":218,"column":7}},"61":{"start":{"line":225,"column":11},"end":{"line":248,"column":2}},"62":{"start":{"line":226,"column":23},"end":{"line":226,"column":31}},"63":{"start":{"line":228,"column":19},"end":{"line":233,"column":5}},"64":{"start":{"line":235,"column":4},"end":{"line":241,"column":5}},"65":{"start":{"line":236,"column":8},"end":{"line":240,"column":11}},"66":{"start":{"line":243,"column":4},"end":{"line":247,"column":7}},"67":{"start":{"line":261,"column":33},"end":{"line":282,"column":1}},"68":{"start":{"line":263,"column":21},"end":{"line":263,"column":59}},"69":{"start":{"line":266,"column":22},"end":{"line":266,"column":53}},"70":{"start":{"line":269,"column":4},"end":{"line":273,"column":6}},"71":{"start":{"line":276,"column":22},"end":{"line":276,"column":124}},"72":{"start":{"line":279,"column":4},"end":{"line":279,"column":73}},"73":{"start":{"line":281,"column":4},"end":{"line":281,"column":24}},"74":{"start":{"line":289,"column":23},"end":{"line":328,"column":2}},"75":{"start":{"line":290,"column":22},"end":{"line":290,"column":30}},"76":{"start":{"line":293,"column":27},"end":{"line":293,"column":77}},"77":{"start":{"line":296,"column":19},"end":{"line":299,"column":5}},"78":{"start":{"line":301,"column":4},"end":{"line":308,"column":5}},"79":{"start":{"line":303,"column":8},"end":{"line":307,"column":11}},"80":{"start":{"line":310,"column":17},"end":{"line":310,"column":31}},"81":{"start":{"line":312,"column":4},"end":{"line":321,"column":5}},"82":{"start":{"line":313,"column":8},"end":{"line":313,"column":45}},"83":{"start":{"line":315,"column":8},"end":{"line":315,"column":68}},"84":{"start":{"line":316,"column":8},"end":{"line":320,"column":11}},"85":{"start":{"line":323,"column":4},"end":{"line":327,"column":7}},"86":{"start":{"line":334,"column":22},"end":{"line":392,"column":2}},"87":{"start":{"line":335,"column":43},"end":{"line":335,"column":51}},"88":{"start":{"line":338,"column":24},"end":{"line":344,"column":5}},"89":{"start":{"line":346,"column":4},"end":{"line":352,"column":5}},"90":{"start":{"line":347,"column":8},"end":{"line":351,"column":11}},"91":{"start":{"line":355,"column":25},"end":{"line":355,"column":29}},"92":{"start":{"line":356,"column":4},"end":{"line":362,"column":5}},"93":{"start":{"line":357,"column":24},"end":{"line":357,"column":67}},"94":{"start":{"line":358,"column":8},"end":{"line":361,"column":9}},"95":{"start":{"line":359,"column":12},"end":{"line":359,"column":42}},"96":{"start":{"line":360,"column":12},"end":{"line":360,"column":18}},"97":{"start":{"line":364,"column":4},"end":{"line":370,"column":5}},"98":{"start":{"line":365,"column":8},"end":{"line":369,"column":11}},"99":{"start":{"line":373,"column":28},"end":{"line":373,"column":63}},"100":{"start":{"line":376,"column":4},"end":{"line":379,"column":6}},"101":{"start":{"line":382,"column":4},"end":{"line":385,"column":6}},"102":{"start":{"line":387,"column":4},"end":{"line":391,"column":7}},"103":{"start":{"line":399,"column":20},"end":{"line":464,"column":2}},"104":{"start":{"line":400,"column":22},"end":{"line":400,"column":30}},"105":{"start":{"line":402,"column":27},"end":{"line":402,"column":77}},"106":{"start":{"line":405,"column":23},"end":{"line":408,"column":5}},"107":{"start":{"line":410,"column":4},"end":{"line":416,"column":5}},"108":{"start":{"line":411,"column":8},"end":{"line":415,"column":11}},"109":{"start":{"line":418,"column":17},"end":{"line":418,"column":35}},"110":{"start":{"line":421,"column":24},"end":{"line":427,"column":5}},"111":{"start":{"line":429,"column":4},"end":{"line":440,"column":5}},"112":{"start":{"line":430,"column":28},"end":{"line":430,"column":68}},"113":{"start":{"line":431,"column":29},"end":{"line":431,"column":72}},"114":{"start":{"line":433,"column":8},"end":{"line":439,"column":9}},"115":{"start":{"line":434,"column":12},"end":{"line":438,"column":15}},"116":{"start":{"line":443,"column":4},"end":{"line":446,"column":6}},"117":{"start":{"line":448,"column":4},"end":{"line":457,"column":5}},"118":{"start":{"line":449,"column":8},"end":{"line":449,"column":45}},"119":{"start":{"line":451,"column":8},"end":{"line":451,"column":65}},"120":{"start":{"line":452,"column":8},"end":{"line":456,"column":11}},"121":{"start":{"line":459,"column":4},"end":{"line":463,"column":7}},"122":{"start":{"line":466,"column":0},"end":{"line":466,"column":102}}},"fnMap":{"0":{"name":"(anonymous_0)","decl":{"start":{"line":27,"column":24},"end":{"line":27,"column":25}},"loc":{"start":{"line":27,"column":60},"end":{"line":30,"column":1}},"line":27},"1":{"name":"(anonymous_1)","decl":{"start":{"line":36,"column":30},"end":{"line":36,"column":31}},"loc":{"start":{"line":36,"column":50},"end":{"line":85,"column":1}},"line":36},"2":{"name":"(anonymous_2)","decl":{"start":{"line":91,"column":27},"end":{"line":91,"column":28}},"loc":{"start":{"line":91,"column":47},"end":{"line":135,"column":1}},"line":91},"3":{"name":"(anonymous_3)","decl":{"start":{"line":141,"column":28},"end":{"line":141,"column":29}},"loc":{"start":{"line":141,"column":48},"end":{"line":167,"column":1}},"line":141},"4":{"name":"(anonymous_4)","decl":{"start":{"line":173,"column":29},"end":{"line":173,"column":30}},"loc":{"start":{"line":173,"column":49},"end":{"line":219,"column":1}},"line":173},"5":{"name":"(anonymous_5)","decl":{"start":{"line":225,"column":24},"end":{"line":225,"column":25}},"loc":{"start":{"line":225,"column":44},"end":{"line":248,"column":1}},"line":225},"6":{"name":"(anonymous_6)","decl":{"start":{"line":261,"column":33},"end":{"line":261,"column":34}},"loc":{"start":{"line":261,"column":49},"end":{"line":282,"column":1}},"line":261},"7":{"name":"(anonymous_7)","decl":{"start":{"line":289,"column":36},"end":{"line":289,"column":37}},"loc":{"start":{"line":289,"column":56},"end":{"line":328,"column":1}},"line":289},"8":{"name":"(anonymous_8)","decl":{"start":{"line":334,"column":35},"end":{"line":334,"column":36}},"loc":{"start":{"line":334,"column":55},"end":{"line":392,"column":1}},"line":334},"9":{"name":"(anonymous_9)","decl":{"start":{"line":399,"column":33},"end":{"line":399,"column":34}},"loc":{"start":{"line":399,"column":53},"end":{"line":464,"column":1}},"line":399}},"branchMap":{"0":{"loc":{"start":{"line":41,"column":4},"end":{"line":47,"column":5}},"type":"if","locations":[{"start":{"line":41,"column":4},"end":{"line":47,"column":5}},{"start":{},"end":{}}],"line":41},"1":{"loc":{"start":{"line":58,"column":16},"end":{"line":58,"column":29}},"type":"binary-expr","locations":[{"start":{"line":58,"column":16},"end":{"line":58,"column":21}},{"start":{"line":58,"column":25},"end":{"line":58,"column":29}}],"line":58},"2":{"loc":{"start":{"line":64,"column":4},"end":{"line":70,"column":5}},"type":"if","locations":[{"start":{"line":64,"column":4},"end":{"line":70,"column":5}},{"start":{},"end":{}}],"line":64},"3":{"loc":{"start":{"line":96,"column":4},"end":{"line":102,"column":5}},"type":"if","locations":[{"start":{"line":96,"column":4},"end":{"line":102,"column":5}},{"start":{},"end":{}}],"line":96},"4":{"loc":{"start":{"line":108,"column":4},"end":{"line":114,"column":5}},"type":"if","locations":[{"start":{"line":108,"column":4},"end":{"line":114,"column":5}},{"start":{},"end":{}}],"line":108},"5":{"loc":{"start":{"line":150,"column":4},"end":{"line":156,"column":5}},"type":"if","locations":[{"start":{"line":150,"column":4},"end":{"line":156,"column":5}},{"start":{},"end":{}}],"line":150},"6":{"loc":{"start":{"line":182,"column":4},"end":{"line":188,"column":5}},"type":"if","locations":[{"start":{"line":182,"column":4},"end":{"line":188,"column":5}},{"start":{},"end":{}}],"line":182},"7":{"loc":{"start":{"line":235,"column":4},"end":{"line":241,"column":5}},"type":"if","locations":[{"start":{"line":235,"column":4},"end":{"line":241,"column":5}},{"start":{},"end":{}}],"line":235},"8":{"loc":{"start":{"line":301,"column":4},"end":{"line":308,"column":5}},"type":"if","locations":[{"start":{"line":301,"column":4},"end":{"line":308,"column":5}},{"start":{},"end":{}}],"line":301},"9":{"loc":{"start":{"line":346,"column":4},"end":{"line":352,"column":5}},"type":"if","locations":[{"start":{"line":346,"column":4},"end":{"line":352,"column":5}},{"start":{},"end":{}}],"line":346},"10":{"loc":{"start":{"line":358,"column":8},"end":{"line":361,"column":9}},"type":"if","locations":[{"start":{"line":358,"column":8},"end":{"line":361,"column":9}},{"start":{},"end":{}}],"line":358},"11":{"loc":{"start":{"line":364,"column":4},"end":{"line":370,"column":5}},"type":"if","locations":[{"start":{"line":364,"column":4},"end":{"line":370,"column":5}},{"start":{},"end":{}}],"line":364},"12":{"loc":{"start":{"line":410,"column":4},"end":{"line":416,"column":5}},"type":"if","locations":[{"start":{"line":410,"column":4},"end":{"line":416,"column":5}},{"start":{},"end":{}}],"line":410},"13":{"loc":{"start":{"line":429,"column":4},"end":{"line":440,"column":5}},"type":"if","locations":[{"start":{"line":429,"column":4},"end":{"line":440,"column":5}},{"start":{},"end":{}}],"line":429},"14":{"loc":{"start":{"line":433,"column":8},"end":{"line":439,"column":9}},"type":"if","locations":[{"start":{"line":433,"column":8},"end":{"line":439,"column":9}},{"start":{},"end":{}}],"line":433}},"s":{"0":2,"1":2,"2":2,"3":2,"4":2,"5":2,"6":2,"7":2,"8":2,"9":2,"10":4,"11":4,"12":2,"13":3,"14":3,"15":3,"16":1,"17":2,"18":2,"19":2,"20":2,"21":2,"22":1,"23":2,"24":2,"25":2,"26":2,"27":4,"28":4,"29":4,"30":1,"31":3,"32":3,"33":3,"34":1,"35":2,"36":2,"37":2,"38":2,"39":2,"40":2,"41":2,"42":2,"43":2,"44":1,"45":1,"46":1,"47":1,"48":2,"49":3,"50":3,"51":3,"52":1,"53":2,"54":2,"55":2,"56":1,"57":1,"58":1,"59":1,"60":1,"61":2,"62":2,"63":2,"64":2,"65":1,"66":1,"67":2,"68":3,"69":3,"70":3,"71":3,"72":3,"73":2,"74":2,"75":4,"76":4,"77":4,"78":4,"79":2,"80":2,"81":2,"82":2,"83":1,"84":1,"85":1,"86":2,"87":3,"88":3,"89":3,"90":1,"91":2,"92":2,"93":2,"94":2,"95":1,"96":1,"97":2,"98":1,"99":1,"100":1,"101":1,"102":1,"103":2,"104":3,"105":3,"106":3,"107":3,"108":1,"109":2,"110":2,"111":2,"112":2,"113":2,"114":2,"115":1,"116":1,"117":1,"118":1,"119":0,"120":0,"121":1,"122":2},"f":{"0":4,"1":3,"2":4,"3":2,"4":3,"5":2,"6":3,"7":4,"8":3,"9":3},"b":{"0":[1,2],"1":[2,2],"2":[1,1],"3":[1,3],"4":[1,2],"5":[1,1],"6":[1,2],"7":[1,1],"8":[2,2],"9":[1,2],"10":[1,1],"11":[1,1],"12":[1,2],"13":[2,0],"14":[1,1]},"_coverageSchema":"1a1c01bbd47fc00a2c39e90264f33305004495a9","hash":"7c04bc27bb3516a1436b46b373f5faf10ba17290"}
,"D:\\FoodBridge\\backend\\src\\controllers\\category.controller.js": {"path":"D:\\FoodBridge\\backend\\src\\controllers\\category.controller.js","statementMap":{"0":{"start":{"line":1,"column":13},"end":{"line":1,"column":36}},"1":{"start":{"line":2,"column":21},"end":{"line":2,"column":53}},"2":{"start":{"line":7,"column":22},"end":{"line":19,"column":2}},"3":{"start":{"line":8,"column":17},"end":{"line":12,"column":3}},"4":{"start":{"line":14,"column":2},"end":{"line":18,"column":5}},"5":{"start":{"line":21,"column":0},"end":{"line":21,"column":35}}},"fnMap":{"0":{"name":"(anonymous_0)","decl":{"start":{"line":7,"column":35},"end":{"line":7,"column":36}},"loc":{"start":{"line":7,"column":56},"end":{"line":19,"column":1}},"line":7}},"branchMap":{},"s":{"0":2,"1":2,"2":2,"3":4,"4":3,"5":2},"f":{"0":4},"b":{},"_coverageSchema":"1a1c01bbd47fc00a2c39e90264f33305004495a9","hash":"d19170330beec0a471fb62fb09941a91e48541a6"}
,"D:\\FoodBridge\\backend\\src\\controllers\\donor.controller.js": {"path":"D:\\FoodBridge\\backend\\src\\controllers\\donor.controller.js","statementMap":{"0":{"start":{"line":1,"column":13},"end":{"line":1,"column":36}},"1":{"start":{"line":2,"column":21},"end":{"line":2,"column":53}},"2":{"start":{"line":7,"column":21},"end":{"line":102,"column":2}},"3":{"start":{"line":8,"column":18},"end":{"line":8,"column":33}},"4":{"start":{"line":11,"column":22},"end":{"line":15,"column":3}},"5":{"start":{"line":16,"column":18},"end":{"line":18,"column":3}},"6":{"start":{"line":21,"column":28},"end":{"line":25,"column":3}},"7":{"start":{"line":27,"column":16},"end":{"line":32,"column":3}},"8":{"start":{"line":35,"column":25},"end":{"line":52,"column":3}},"9":{"start":{"line":55,"column":21},"end":{"line":55,"column":65}},"10":{"start":{"line":55,"column":52},"end":{"line":55,"column":64}},"11":{"start":{"line":56,"column":16},"end":{"line":56,"column":18}},"12":{"start":{"line":57,"column":2},"end":{"line":69,"column":3}},"13":{"start":{"line":58,"column":23},"end":{"line":64,"column":5}},"14":{"start":{"line":65,"column":4},"end":{"line":68,"column":7}},"15":{"start":{"line":66,"column":6},"end":{"line":66,"column":65}},"16":{"start":{"line":66,"column":36},"end":{"line":66,"column":65}},"17":{"start":{"line":67,"column":6},"end":{"line":67,"column":45}},"18":{"start":{"line":71,"column":26},"end":{"line":74,"column":5}},"19":{"start":{"line":71,"column":58},"end":{"line":74,"column":3}},"20":{"start":{"line":77,"column":23},"end":{"line":91,"column":3}},"21":{"start":{"line":93,"column":2},"end":{"line":101,"column":5}},"22":{"start":{"line":107,"column":19},"end":{"line":151,"column":2}},"23":{"start":{"line":108,"column":18},"end":{"line":108,"column":33}},"24":{"start":{"line":109,"column":35},"end":{"line":109,"column":44}},"25":{"start":{"line":110,"column":17},"end":{"line":110,"column":51}},"26":{"start":{"line":112,"column":17},"end":{"line":129,"column":3}},"27":{"start":{"line":131,"column":22},"end":{"line":135,"column":3}},"28":{"start":{"line":136,"column":16},"end":{"line":136,"column":55}},"29":{"start":{"line":138,"column":2},"end":{"line":150,"column":5}},"30":{"start":{"line":156,"column":22},"end":{"line":194,"column":2}},"31":{"start":{"line":157,"column":18},"end":{"line":157,"column":33}},"32":{"start":{"line":159,"column":17},"end":{"line":175,"column":3}},"33":{"start":{"line":178,"column":17},"end":{"line":178,"column":72}},"34":{"start":{"line":179,"column":15},"end":{"line":188,"column":3}},"35":{"start":{"line":180,"column":4},"end":{"line":187,"column":15}},"36":{"start":{"line":189,"column":14},"end":{"line":189,"column":42}},"37":{"start":{"line":191,"column":2},"end":{"line":191,"column":44}},"38":{"start":{"line":192,"column":2},"end":{"line":192,"column":84}},"39":{"start":{"line":193,"column":2},"end":{"line":193,"column":35}},"40":{"start":{"line":199,"column":18},"end":{"line":246,"column":2}},"41":{"start":{"line":200,"column":18},"end":{"line":200,"column":33}},"42":{"start":{"line":203,"column":23},"end":{"line":207,"column":3}},"43":{"start":{"line":208,"column":17},"end":{"line":210,"column":3}},"44":{"start":{"line":213,"column":22},"end":{"line":228,"column":3}},"45":{"start":{"line":230,"column":2},"end":{"line":245,"column":5}},"46":{"start":{"line":238,"column":49},"end":{"line":242,"column":7}},"47":{"start":{"line":248,"column":0},"end":{"line":248,"column":72}}},"fnMap":{"0":{"name":"(anonymous_0)","decl":{"start":{"line":7,"column":34},"end":{"line":7,"column":35}},"loc":{"start":{"line":7,"column":54},"end":{"line":102,"column":1}},"line":7},"1":{"name":"(anonymous_1)","decl":{"start":{"line":55,"column":45},"end":{"line":55,"column":46}},"loc":{"start":{"line":55,"column":52},"end":{"line":55,"column":64}},"line":55},"2":{"name":"(anonymous_2)","decl":{"start":{"line":65,"column":28},"end":{"line":65,"column":29}},"loc":{"start":{"line":65,"column":37},"end":{"line":68,"column":5}},"line":65},"3":{"name":"(anonymous_3)","decl":{"start":{"line":71,"column":50},"end":{"line":71,"column":51}},"loc":{"start":{"line":71,"column":58},"end":{"line":74,"column":3}},"line":71},"4":{"name":"(anonymous_4)","decl":{"start":{"line":107,"column":32},"end":{"line":107,"column":33}},"loc":{"start":{"line":107,"column":52},"end":{"line":151,"column":1}},"line":107},"5":{"name":"(anonymous_5)","decl":{"start":{"line":156,"column":35},"end":{"line":156,"column":36}},"loc":{"start":{"line":156,"column":55},"end":{"line":194,"column":1}},"line":156},"6":{"name":"(anonymous_6)","decl":{"start":{"line":179,"column":31},"end":{"line":179,"column":32}},"loc":{"start":{"line":180,"column":4},"end":{"line":187,"column":15}},"line":180},"7":{"name":"(anonymous_7)","decl":{"start":{"line":199,"column":31},"end":{"line":199,"column":32}},"loc":{"start":{"line":199,"column":51},"end":{"line":246,"column":1}},"line":199},"8":{"name":"(anonymous_8)","decl":{"start":{"line":238,"column":41},"end":{"line":238,"column":42}},"loc":{"start":{"line":238,"column":49},"end":{"line":242,"column":7}},"line":238}},"branchMap":{"0":{"loc":{"start":{"line":16,"column":18},"end":{"line":18,"column":3}},"type":"binary-expr","locations":[{"start":{"line":16,"column":18},"end":{"line":16,"column":37}},{"start":{"line":16,"column":41},"end":{"line":18,"column":3}}],"line":16},"1":{"loc":{"start":{"line":57,"column":2},"end":{"line":69,"column":3}},"type":"if","locations":[{"start":{"line":57,"column":2},"end":{"line":69,"column":3}},{"start":{},"end":{}}],"line":57},"2":{"loc":{"start":{"line":66,"column":6},"end":{"line":66,"column":65}},"type":"if","locations":[{"start":{"line":66,"column":6},"end":{"line":66,"column":65}},{"start":{},"end":{}}],"line":66},"3":{"loc":{"start":{"line":73,"column":18},"end":{"line":73,"column":45}},"type":"binary-expr","locations":[{"start":{"line":73,"column":18},"end":{"line":73,"column":39}},{"start":{"line":73,"column":43},"end":{"line":73,"column":45}}],"line":73},"4":{"loc":{"start":{"line":109,"column":10},"end":{"line":109,"column":18}},"type":"default-arg","locations":[{"start":{"line":109,"column":17},"end":{"line":109,"column":18}}],"line":109},"5":{"loc":{"start":{"line":109,"column":20},"end":{"line":109,"column":30}},"type":"default-arg","locations":[{"start":{"line":109,"column":28},"end":{"line":109,"column":30}}],"line":109},"6":{"loc":{"start":{"line":181,"column":11},"end":{"line":181,"column":32}},"type":"binary-expr","locations":[{"start":{"line":181,"column":11},"end":{"line":181,"column":26}},{"start":{"line":181,"column":30},"end":{"line":181,"column":32}}],"line":181},"7":{"loc":{"start":{"line":182,"column":6},"end":{"line":182,"column":18}},"type":"binary-expr","locations":[{"start":{"line":182,"column":6},"end":{"line":182,"column":12}},{"start":{"line":182,"column":16},"end":{"line":182,"column":18}}],"line":182},"8":{"loc":{"start":{"line":183,"column":6},"end":{"line":183,"column":22}},"type":"binary-expr","locations":[{"start":{"line":183,"column":6},"end":{"line":183,"column":16}},{"start":{"line":183,"column":20},"end":{"line":183,"column":22}}],"line":183},"9":{"loc":{"start":{"line":184,"column":6},"end":{"line":184,"column":27}},"type":"binary-expr","locations":[{"start":{"line":184,"column":6},"end":{"line":184,"column":21}},{"start":{"line":184,"column":25},"end":{"line":184,"column":27}}],"line":184},"10":{"loc":{"start":{"line":185,"column":11},"end":{"line":185,"column":32}},"type":"binary-expr","locations":[{"start":{"line":185,"column":11},"end":{"line":185,"column":26}},{"start":{"line":185,"column":30},"end":{"line":185,"column":32}}],"line":185},"11":{"loc":{"start":{"line":186,"column":6},"end":{"line":186,"column":20}},"type":"binary-expr","locations":[{"start":{"line":186,"column":6},"end":{"line":186,"column":14}},{"start":{"line":186,"column":18},"end":{"line":186,"column":20}}],"line":186},"12":{"loc":{"start":{"line":208,"column":17},"end":{"line":210,"column":3}},"type":"binary-expr","locations":[{"start":{"line":208,"column":17},"end":{"line":208,"column":37}},{"start":{"line":208,"column":41},"end":{"line":210,"column":3}}],"line":208}},"s":{"0":2,"1":2,"2":2,"3":2,"4":2,"5":2,"6":2,"7":2,"8":2,"9":2,"10":1,"11":2,"12":2,"13":1,"14":1,"15":0,"16":0,"17":0,"18":2,"19":1,"20":2,"21":2,"22":2,"23":2,"24":2,"25":2,"26":2,"27":2,"28":2,"29":2,"30":2,"31":2,"32":2,"33":2,"34":2,"35":1,"36":2,"37":2,"38":2,"39":2,"40":2,"41":2,"42":2,"43":2,"44":2,"45":2,"46":1,"47":2},"f":{"0":2,"1":1,"2":0,"3":1,"4":2,"5":2,"6":1,"7":2,"8":1},"b":{"0":[2,1],"1":[1,1],"2":[0,0],"3":[1,1],"4":[1],"5":[1],"6":[1,0],"7":[1,0],"8":[1,0],"9":[1,0],"10":[1,0],"11":[1,0],"12":[2,1]},"_coverageSchema":"1a1c01bbd47fc00a2c39e90264f33305004495a9","hash":"9fdec7ac014b814430c97fa4941b31af6d1ced3c"}
,"D:\\FoodBridge\\backend\\src\\controllers\\listing.controller.js": {"path":"D:\\FoodBridge\\backend\\src\\controllers\\listing.controller.js","statementMap":{"0":{"start":{"line":1,"column":13},"end":{"line":1,"column":36}},"1":{"start":{"line":2,"column":21},"end":{"line":2,"column":53}},"2":{"start":{"line":3,"column":24},"end":{"line":3,"column":59}},"3":{"start":{"line":8,"column":19},"end":{"line":18,"column":1}},"4":{"start":{"line":9,"column":2},"end":{"line":9,"column":53}},"5":{"start":{"line":9,"column":46},"end":{"line":9,"column":53}},"6":{"start":{"line":10,"column":2},"end":{"line":17,"column":4}},"7":{"start":{"line":23,"column":22},"end":{"line":111,"column":2}},"8":{"start":{"line":24,"column":18},"end":{"line":24,"column":33}},"9":{"start":{"line":33,"column":6},"end":{"line":33,"column":14}},"10":{"start":{"line":36,"column":2},"end":{"line":38,"column":3}},"11":{"start":{"line":37,"column":4},"end":{"line":37,"column":92}},"12":{"start":{"line":39,"column":2},"end":{"line":41,"column":3}},"13":{"start":{"line":40,"column":4},"end":{"line":40,"column":109}},"14":{"start":{"line":42,"column":2},"end":{"line":44,"column":3}},"15":{"start":{"line":43,"column":4},"end":{"line":43,"column":108}},"16":{"start":{"line":45,"column":2},"end":{"line":47,"column":3}},"17":{"start":{"line":46,"column":4},"end":{"line":46,"column":115}},"18":{"start":{"line":48,"column":2},"end":{"line":50,"column":3}},"19":{"start":{"line":49,"column":4},"end":{"line":49,"column":112}},"20":{"start":{"line":52,"column":17},"end":{"line":52,"column":37}},"21":{"start":{"line":53,"column":2},"end":{"line":110,"column":3}},"22":{"start":{"line":54,"column":4},"end":{"line":54,"column":32}},"23":{"start":{"line":57,"column":23},"end":{"line":62,"column":5}},"24":{"start":{"line":63,"column":20},"end":{"line":63,"column":38}},"25":{"start":{"line":66,"column":26},"end":{"line":77,"column":5}},"26":{"start":{"line":78,"column":20},"end":{"line":78,"column":41}},"27":{"start":{"line":81,"column":19},"end":{"line":81,"column":21}},"28":{"start":{"line":82,"column":4},"end":{"line":92,"column":5}},"29":{"start":{"line":83,"column":6},"end":{"line":91,"column":7}},"30":{"start":{"line":83,"column":19},"end":{"line":83,"column":20}},"31":{"start":{"line":84,"column":26},"end":{"line":89,"column":9}},"32":{"start":{"line":90,"column":8},"end":{"line":90,"column":39}},"33":{"start":{"line":94,"column":4},"end":{"line":94,"column":33}},"34":{"start":{"line":97,"column":4},"end":{"line":97,"column":48}},"35":{"start":{"line":98,"column":4},"end":{"line":98,"column":56}},"36":{"start":{"line":100,"column":4},"end":{"line":104,"column":7}},"37":{"start":{"line":106,"column":4},"end":{"line":106,"column":35}},"38":{"start":{"line":107,"column":4},"end":{"line":107,"column":14}},"39":{"start":{"line":109,"column":4},"end":{"line":109,"column":21}},"40":{"start":{"line":116,"column":20},"end":{"line":179,"column":2}},"41":{"start":{"line":117,"column":76},"end":{"line":117,"column":85}},"42":{"start":{"line":119,"column":17},"end":{"line":119,"column":51}},"43":{"start":{"line":120,"column":17},"end":{"line":120,"column":19}},"44":{"start":{"line":121,"column":21},"end":{"line":121,"column":23}},"45":{"start":{"line":124,"column":2},"end":{"line":124,"column":71}},"46":{"start":{"line":126,"column":2},"end":{"line":128,"column":3}},"47":{"start":{"line":127,"column":4},"end":{"line":127,"column":68}},"48":{"start":{"line":129,"column":2},"end":{"line":131,"column":3}},"49":{"start":{"line":130,"column":4},"end":{"line":130,"column":75}},"50":{"start":{"line":133,"column":22},"end":{"line":133,"column":82}},"51":{"start":{"line":136,"column":25},"end":{"line":150,"column":3}},"52":{"start":{"line":153,"column":14},"end":{"line":153,"column":58}},"53":{"start":{"line":153,"column":45},"end":{"line":153,"column":57}},"54":{"start":{"line":154,"column":2},"end":{"line":154,"column":24}},"55":{"start":{"line":157,"column":22},"end":{"line":157,"column":56}},"56":{"start":{"line":158,"column":22},"end":{"line":163,"column":3}},"57":{"start":{"line":164,"column":16},"end":{"line":164,"column":55}},"58":{"start":{"line":166,"column":2},"end":{"line":178,"column":5}},"59":{"start":{"line":184,"column":22},"end":{"line":211,"column":2}},"60":{"start":{"line":185,"column":18},"end":{"line":185,"column":33}},"61":{"start":{"line":187,"column":17},"end":{"line":200,"column":3}},"62":{"start":{"line":203,"column":14},"end":{"line":203,"column":50}},"63":{"start":{"line":203,"column":37},"end":{"line":203,"column":49}},"64":{"start":{"line":204,"column":2},"end":{"line":204,"column":24}},"65":{"start":{"line":206,"column":2},"end":{"line":210,"column":5}},"66":{"start":{"line":216,"column":23},"end":{"line":251,"column":2}},"67":{"start":{"line":217,"column":17},"end":{"line":217,"column":27}},"68":{"start":{"line":219,"column":17},"end":{"line":229,"column":3}},"69":{"start":{"line":231,"column":2},"end":{"line":233,"column":3}},"70":{"start":{"line":232,"column":4},"end":{"line":232,"column":92}},"71":{"start":{"line":235,"column":18},"end":{"line":235,"column":32}},"72":{"start":{"line":238,"column":2},"end":{"line":238,"column":41}},"73":{"start":{"line":241,"column":23},"end":{"line":244,"column":3}},"74":{"start":{"line":246,"column":2},"end":{"line":250,"column":5}},"75":{"start":{"line":256,"column":22},"end":{"line":324,"column":2}},"76":{"start":{"line":257,"column":17},"end":{"line":257,"column":27}},"77":{"start":{"line":258,"column":18},"end":{"line":258,"column":33}},"78":{"start":{"line":261,"column":19},"end":{"line":264,"column":3}},"79":{"start":{"line":265,"column":2},"end":{"line":267,"column":3}},"80":{"start":{"line":266,"column":4},"end":{"line":266,"column":92}},"81":{"start":{"line":268,"column":2},"end":{"line":270,"column":3}},"82":{"start":{"line":269,"column":4},"end":{"line":269,"column":112}},"83":{"start":{"line":276,"column":6},"end":{"line":276,"column":14}},"84":{"start":{"line":279,"column":2},"end":{"line":281,"column":3}},"85":{"start":{"line":280,"column":4},"end":{"line":280,"column":109}},"86":{"start":{"line":282,"column":2},"end":{"line":284,"column":3}},"87":{"start":{"line":283,"column":4},"end":{"line":283,"column":108}},"88":{"start":{"line":285,"column":2},"end":{"line":287,"column":3}},"89":{"start":{"line":286,"column":4},"end":{"line":286,"column":112}},"90":{"start":{"line":289,"column":17},"end":{"line":313,"column":3}},"91":{"start":{"line":316,"column":2},"end":{"line":316,"column":46}},"92":{"start":{"line":317,"column":2},"end":{"line":317,"column":54}},"93":{"start":{"line":319,"column":2},"end":{"line":323,"column":5}},"94":{"start":{"line":329,"column":22},"end":{"line":362,"column":2}},"95":{"start":{"line":330,"column":17},"end":{"line":330,"column":27}},"96":{"start":{"line":331,"column":18},"end":{"line":331,"column":33}},"97":{"start":{"line":334,"column":19},"end":{"line":337,"column":3}},"98":{"start":{"line":338,"column":2},"end":{"line":340,"column":3}},"99":{"start":{"line":339,"column":4},"end":{"line":339,"column":92}},"100":{"start":{"line":341,"column":2},"end":{"line":343,"column":3}},"101":{"start":{"line":342,"column":4},"end":{"line":342,"column":112}},"102":{"start":{"line":345,"column":17},"end":{"line":351,"column":3}},"103":{"start":{"line":354,"column":2},"end":{"line":354,"column":46}},"104":{"start":{"line":355,"column":2},"end":{"line":355,"column":54}},"105":{"start":{"line":357,"column":2},"end":{"line":361,"column":5}},"106":{"start":{"line":364,"column":0},"end":{"line":371,"column":2}}},"fnMap":{"0":{"name":"(anonymous_0)","decl":{"start":{"line":8,"column":19},"end":{"line":8,"column":20}},"loc":{"start":{"line":8,"column":41},"end":{"line":18,"column":1}},"line":8},"1":{"name":"(anonymous_1)","decl":{"start":{"line":23,"column":35},"end":{"line":23,"column":36}},"loc":{"start":{"line":23,"column":55},"end":{"line":111,"column":1}},"line":23},"2":{"name":"(anonymous_2)","decl":{"start":{"line":116,"column":33},"end":{"line":116,"column":34}},"loc":{"start":{"line":116,"column":53},"end":{"line":179,"column":1}},"line":116},"3":{"name":"(anonymous_3)","decl":{"start":{"line":153,"column":38},"end":{"line":153,"column":39}},"loc":{"start":{"line":153,"column":45},"end":{"line":153,"column":57}},"line":153},"4":{"name":"(anonymous_4)","decl":{"start":{"line":184,"column":35},"end":{"line":184,"column":36}},"loc":{"start":{"line":184,"column":55},"end":{"line":211,"column":1}},"line":184},"5":{"name":"(anonymous_5)","decl":{"start":{"line":203,"column":30},"end":{"line":203,"column":31}},"loc":{"start":{"line":203,"column":37},"end":{"line":203,"column":49}},"line":203},"6":{"name":"(anonymous_6)","decl":{"start":{"line":216,"column":36},"end":{"line":216,"column":37}},"loc":{"start":{"line":216,"column":56},"end":{"line":251,"column":1}},"line":216},"7":{"name":"(anonymous_7)","decl":{"start":{"line":256,"column":35},"end":{"line":256,"column":36}},"loc":{"start":{"line":256,"column":55},"end":{"line":324,"column":1}},"line":256},"8":{"name":"(anonymous_8)","decl":{"start":{"line":329,"column":35},"end":{"line":329,"column":36}},"loc":{"start":{"line":329,"column":55},"end":{"line":362,"column":1}},"line":329}},"branchMap":{"0":{"loc":{"start":{"line":9,"column":2},"end":{"line":9,"column":53}},"type":"if","locations":[{"start":{"line":9,"column":2},"end":{"line":9,"column":53}},{"start":{},"end":{}}],"line":9},"1":{"loc":{"start":{"line":9,"column":6},"end":{"line":9,"column":44}},"type":"binary-expr","locations":[{"start":{"line":9,"column":6},"end":{"line":9,"column":17}},{"start":{"line":9,"column":21},"end":{"line":9,"column":44}}],"line":9},"2":{"loc":{"start":{"line":36,"column":2},"end":{"line":38,"column":3}},"type":"if","locations":[{"start":{"line":36,"column":2},"end":{"line":38,"column":3}},{"start":{},"end":{}}],"line":36},"3":{"loc":{"start":{"line":36,"column":6},"end":{"line":36,"column":35}},"type":"binary-expr","locations":[{"start":{"line":36,"column":6},"end":{"line":36,"column":12}},{"start":{"line":36,"column":16},"end":{"line":36,"column":35}}],"line":36},"4":{"loc":{"start":{"line":39,"column":2},"end":{"line":41,"column":3}},"type":"if","locations":[{"start":{"line":39,"column":2},"end":{"line":41,"column":3}},{"start":{},"end":{}}],"line":39},"5":{"loc":{"start":{"line":39,"column":6},"end":{"line":39,"column":59}},"type":"binary-expr","locations":[{"start":{"line":39,"column":6},"end":{"line":39,"column":15}},{"start":{"line":39,"column":19},"end":{"line":39,"column":34}},{"start":{"line":39,"column":38},"end":{"line":39,"column":59}}],"line":39},"6":{"loc":{"start":{"line":42,"column":2},"end":{"line":44,"column":3}},"type":"if","locations":[{"start":{"line":42,"column":2},"end":{"line":44,"column":3}},{"start":{},"end":{}}],"line":42},"7":{"loc":{"start":{"line":42,"column":6},"end":{"line":42,"column":57}},"type":"binary-expr","locations":[{"start":{"line":42,"column":6},"end":{"line":42,"column":18}},{"start":{"line":42,"column":22},"end":{"line":42,"column":57}}],"line":42},"8":{"loc":{"start":{"line":45,"column":2},"end":{"line":47,"column":3}},"type":"if","locations":[{"start":{"line":45,"column":2},"end":{"line":47,"column":3}},{"start":{},"end":{}}],"line":45},"9":{"loc":{"start":{"line":45,"column":6},"end":{"line":45,"column":34}},"type":"binary-expr","locations":[{"start":{"line":45,"column":6},"end":{"line":45,"column":19}},{"start":{"line":45,"column":23},"end":{"line":45,"column":34}}],"line":45},"10":{"loc":{"start":{"line":48,"column":2},"end":{"line":50,"column":3}},"type":"if","locations":[{"start":{"line":48,"column":2},"end":{"line":50,"column":3}},{"start":{},"end":{}}],"line":48},"11":{"loc":{"start":{"line":61,"column":58},"end":{"line":61,"column":74}},"type":"binary-expr","locations":[{"start":{"line":61,"column":58},"end":{"line":61,"column":66}},{"start":{"line":61,"column":70},"end":{"line":61,"column":74}}],"line":61},"12":{"loc":{"start":{"line":61,"column":76},"end":{"line":61,"column":93}},"type":"binary-expr","locations":[{"start":{"line":61,"column":76},"end":{"line":61,"column":85}},{"start":{"line":61,"column":89},"end":{"line":61,"column":93}}],"line":61},"13":{"loc":{"start":{"line":73,"column":17},"end":{"line":73,"column":36}},"type":"binary-expr","locations":[{"start":{"line":73,"column":17},"end":{"line":73,"column":28}},{"start":{"line":73,"column":32},"end":{"line":73,"column":36}}],"line":73},"14":{"loc":{"start":{"line":74,"column":15},"end":{"line":74,"column":34}},"type":"binary-expr","locations":[{"start":{"line":74,"column":15},"end":{"line":74,"column":26}},{"start":{"line":74,"column":30},"end":{"line":74,"column":34}}],"line":74},"15":{"loc":{"start":{"line":75,"column":8},"end":{"line":75,"column":34}},"type":"binary-expr","locations":[{"start":{"line":75,"column":8},"end":{"line":75,"column":26}},{"start":{"line":75,"column":30},"end":{"line":75,"column":34}}],"line":75},"16":{"loc":{"start":{"line":82,"column":4},"end":{"line":92,"column":5}},"type":"if","locations":[{"start":{"line":82,"column":4},"end":{"line":92,"column":5}},{"start":{},"end":{}}],"line":82},"17":{"loc":{"start":{"line":82,"column":8},"end":{"line":82,"column":58}},"type":"binary-expr","locations":[{"start":{"line":82,"column":8},"end":{"line":82,"column":33}},{"start":{"line":82,"column":37},"end":{"line":82,"column":58}}],"line":82},"18":{"loc":{"start":{"line":117,"column":29},"end":{"line":117,"column":49}},"type":"default-arg","locations":[{"start":{"line":117,"column":38},"end":{"line":117,"column":49}}],"line":117},"19":{"loc":{"start":{"line":117,"column":51},"end":{"line":117,"column":59}},"type":"default-arg","locations":[{"start":{"line":117,"column":58},"end":{"line":117,"column":59}}],"line":117},"20":{"loc":{"start":{"line":117,"column":61},"end":{"line":117,"column":71}},"type":"default-arg","locations":[{"start":{"line":117,"column":69},"end":{"line":117,"column":71}}],"line":117},"21":{"loc":{"start":{"line":126,"column":2},"end":{"line":128,"column":3}},"type":"if","locations":[{"start":{"line":126,"column":2},"end":{"line":128,"column":3}},{"start":{},"end":{}}],"line":126},"22":{"loc":{"start":{"line":129,"column":2},"end":{"line":131,"column":3}},"type":"if","locations":[{"start":{"line":129,"column":2},"end":{"line":131,"column":3}},{"start":{},"end":{}}],"line":129},"23":{"loc":{"start":{"line":133,"column":22},"end":{"line":133,"column":82}},"type":"cond-expr","locations":[{"start":{"line":133,"column":42},"end":{"line":133,"column":77}},{"start":{"line":133,"column":80},"end":{"line":133,"column":82}}],"line":133},"24":{"loc":{"start":{"line":231,"column":2},"end":{"line":233,"column":3}},"type":"if","locations":[{"start":{"line":231,"column":2},"end":{"line":233,"column":3}},{"start":{},"end":{}}],"line":231},"25":{"loc":{"start":{"line":265,"column":2},"end":{"line":267,"column":3}},"type":"if","locations":[{"start":{"line":265,"column":2},"end":{"line":267,"column":3}},{"start":{},"end":{}}],"line":265},"26":{"loc":{"start":{"line":268,"column":2},"end":{"line":270,"column":3}},"type":"if","locations":[{"start":{"line":268,"column":2},"end":{"line":270,"column":3}},{"start":{},"end":{}}],"line":268},"27":{"loc":{"start":{"line":279,"column":2},"end":{"line":281,"column":3}},"type":"if","locations":[{"start":{"line":279,"column":2},"end":{"line":281,"column":3}},{"start":{},"end":{}}],"line":279},"28":{"loc":{"start":{"line":279,"column":6},"end":{"line":279,"column":74}},"type":"binary-expr","locations":[{"start":{"line":279,"column":6},"end":{"line":279,"column":28}},{"start":{"line":279,"column":33},"end":{"line":279,"column":48}},{"start":{"line":279,"column":52},"end":{"line":279,"column":73}}],"line":279},"29":{"loc":{"start":{"line":282,"column":2},"end":{"line":284,"column":3}},"type":"if","locations":[{"start":{"line":282,"column":2},"end":{"line":284,"column":3}},{"start":{},"end":{}}],"line":282},"30":{"loc":{"start":{"line":282,"column":6},"end":{"line":282,"column":70}},"type":"binary-expr","locations":[{"start":{"line":282,"column":6},"end":{"line":282,"column":31}},{"start":{"line":282,"column":35},"end":{"line":282,"column":70}}],"line":282},"31":{"loc":{"start":{"line":285,"column":2},"end":{"line":287,"column":3}},"type":"if","locations":[{"start":{"line":285,"column":2},"end":{"line":287,"column":3}},{"start":{},"end":{}}],"line":285},"32":{"loc":{"start":{"line":285,"column":6},"end":{"line":285,"column":82}},"type":"binary-expr","locations":[{"start":{"line":285,"column":6},"end":{"line":285,"column":18}},{"start":{"line":285,"column":22},"end":{"line":285,"column":32}},{"start":{"line":285,"column":36},"end":{"line":285,"column":82}}],"line":285},"33":{"loc":{"start":{"line":305,"column":6},"end":{"line":305,"column":19}},"type":"binary-expr","locations":[{"start":{"line":305,"column":6},"end":{"line":305,"column":11}},{"start":{"line":305,"column":15},"end":{"line":305,"column":19}}],"line":305},"34":{"loc":{"start":{"line":305,"column":21},"end":{"line":305,"column":40}},"type":"binary-expr","locations":[{"start":{"line":305,"column":21},"end":{"line":305,"column":32}},{"start":{"line":305,"column":36},"end":{"line":305,"column":40}}],"line":305},"35":{"loc":{"start":{"line":306,"column":6},"end":{"line":306,"column":54}},"type":"cond-expr","locations":[{"start":{"line":306,"column":31},"end":{"line":306,"column":47}},{"start":{"line":306,"column":50},"end":{"line":306,"column":54}}],"line":306},"36":{"loc":{"start":{"line":307,"column":6},"end":{"line":307,"column":27}},"type":"binary-expr","locations":[{"start":{"line":307,"column":6},"end":{"line":307,"column":19}},{"start":{"line":307,"column":23},"end":{"line":307,"column":27}}],"line":307},"37":{"loc":{"start":{"line":308,"column":6},"end":{"line":308,"column":74}},"type":"cond-expr","locations":[{"start":{"line":308,"column":41},"end":{"line":308,"column":67}},{"start":{"line":308,"column":70},"end":{"line":308,"column":74}}],"line":308},"38":{"loc":{"start":{"line":309,"column":6},"end":{"line":309,"column":25}},"type":"binary-expr","locations":[{"start":{"line":309,"column":6},"end":{"line":309,"column":17}},{"start":{"line":309,"column":21},"end":{"line":309,"column":25}}],"line":309},"39":{"loc":{"start":{"line":309,"column":27},"end":{"line":309,"column":47}},"type":"binary-expr","locations":[{"start":{"line":309,"column":27},"end":{"line":309,"column":39}},{"start":{"line":309,"column":43},"end":{"line":309,"column":47}}],"line":309},"40":{"loc":{"start":{"line":309,"column":49},"end":{"line":309,"column":67}},"type":"binary-expr","locations":[{"start":{"line":309,"column":49},"end":{"line":309,"column":59}},{"start":{"line":309,"column":63},"end":{"line":309,"column":67}}],"line":309},"41":{"loc":{"start":{"line":310,"column":6},"end":{"line":310,"column":25}},"type":"binary-expr","locations":[{"start":{"line":310,"column":6},"end":{"line":310,"column":17}},{"start":{"line":310,"column":21},"end":{"line":310,"column":25}}],"line":310},"42":{"loc":{"start":{"line":310,"column":27},"end":{"line":310,"column":41}},"type":"binary-expr","locations":[{"start":{"line":310,"column":27},"end":{"line":310,"column":33}},{"start":{"line":310,"column":37},"end":{"line":310,"column":41}}],"line":310},"43":{"loc":{"start":{"line":338,"column":2},"end":{"line":340,"column":3}},"type":"if","locations":[{"start":{"line":338,"column":2},"end":{"line":340,"column":3}},{"start":{},"end":{}}],"line":338},"44":{"loc":{"start":{"line":341,"column":2},"end":{"line":343,"column":3}},"type":"if","locations":[{"start":{"line":341,"column":2},"end":{"line":343,"column":3}},{"start":{},"end":{}}],"line":341}},"s":{"0":2,"1":2,"2":2,"3":2,"4":3,"5":1,"6":2,"7":2,"8":6,"9":6,"10":6,"11":1,"12":5,"13":1,"14":4,"15":1,"16":3,"17":0,"18":3,"19":1,"20":2,"21":2,"22":2,"23":2,"24":1,"25":1,"26":1,"27":1,"28":1,"29":0,"30":0,"31":0,"32":0,"33":1,"34":1,"35":1,"36":1,"37":1,"38":1,"39":2,"40":2,"41":1,"42":1,"43":1,"44":1,"45":1,"46":1,"47":0,"48":1,"49":0,"50":1,"51":1,"52":1,"53":0,"54":1,"55":1,"56":1,"57":1,"58":1,"59":2,"60":1,"61":1,"62":1,"63":1,"64":1,"65":1,"66":2,"67":2,"68":2,"69":2,"70":1,"71":1,"72":1,"73":1,"74":1,"75":2,"76":3,"77":3,"78":3,"79":3,"80":1,"81":2,"82":1,"83":1,"84":1,"85":0,"86":1,"87":0,"88":1,"89":0,"90":1,"91":1,"92":1,"93":1,"94":2,"95":3,"96":3,"97":3,"98":3,"99":1,"100":2,"101":1,"102":1,"103":1,"104":1,"105":1,"106":2},"f":{"0":3,"1":6,"2":1,"3":0,"4":1,"5":1,"6":2,"7":3,"8":3},"b":{"0":[1,2],"1":[3,3],"2":[1,5],"3":[6,5],"4":[1,4],"5":[5,4,4],"6":[1,3],"7":[4,4],"8":[0,3],"9":[3,3],"10":[1,2],"11":[2,2],"12":[2,2],"13":[1,1],"14":[1,0],"15":[1,1],"16":[0,1],"17":[1,0],"18":[1],"19":[1],"20":[1],"21":[0,1],"22":[0,1],"23":[1,0],"24":[1,1],"25":[1,2],"26":[1,1],"27":[0,1],"28":[1,0,0],"29":[0,1],"30":[1,0],"31":[0,1],"32":[1,0,0],"33":[1,0],"34":[1,1],"35":[0,1],"36":[1,1],"37":[0,1],"38":[1,1],"39":[1,1],"40":[1,1],"41":[1,1],"42":[1,1],"43":[1,2],"44":[1,1]},"_coverageSchema":"1a1c01bbd47fc00a2c39e90264f33305004495a9","hash":"24af5ce8b3e4dbb73dbdb3c5368141702a5e5222"}
[...]
,"D:\\FoodBridge\\backend\\src\\routes\\listing.routes.js": {"path":"D:\\FoodBridge\\backend\\src\\routes\\listing.routes.js","statementMap":{"0":{"start":{"line":1,"column":19},"end":{"line":1,"column":37}},"1":{"start":{"line":2,"column":42},"end":{"line":2,"column":70}},"2":{"start":{"line":3,"column":30},"end":{"line":3,"column":70}},"3":{"start":{"line":4,"column":30},"end":{"line":4,"column":71}},"4":{"start":{"line":12,"column":4},"end":{"line":12,"column":48}},"5":{"start":{"line":14,"column":15},"end":{"line":14,"column":23}},"6":{"start":{"line":19,"column":17},"end":{"line":29,"column":1}},"7":{"start":{"line":20,"column":17},"end":{"line":20,"column":38}},"8":{"start":{"line":21,"column":2},"end":{"line":27,"column":3}},"9":{"start":{"line":22,"column":4},"end":{"line":26,"column":7}},"10":{"start":{"line":28,"column":2},"end":{"line":28,"column":9}},"11":{"start":{"line":34,"column":21},"end":{"line":43,"column":1}},"12":{"start":{"line":35,"column":2},"end":{"line":41,"column":3}},"13":{"start":{"line":36,"column":4},"end":{"line":40,"column":7}},"14":{"start":{"line":42,"column":2},"end":{"line":42,"column":9}},"15":{"start":{"line":48,"column":25},"end":{"line":68,"column":1}},"16":{"start":{"line":75,"column":0},"end":{"line":75,"column":66}},"17":{"start":{"line":78,"column":0},"end":{"line":78,"column":76}},"18":{"start":{"line":81,"column":0},"end":{"line":81,"column":54}},"19":{"start":{"line":84,"column":0},"end":{"line":84,"column":93}},"20":{"start":{"line":87,"column":0},"end":{"line":87,"column":67}},"21":{"start":{"line":90,"column":0},"end":{"line":90,"column":70}},"22":{"start":{"line":92,"column":0},"end":{"line":92,"column":24}}},"fnMap":{"0":{"name":"(anonymous_0)","decl":{"start":{"line":19,"column":17},"end":{"line":19,"column":18}},"loc":{"start":{"line":19,"column":37},"end":{"line":29,"column":1}},"line":19},"1":{"name":"(anonymous_1)","decl":{"start":{"line":34,"column":21},"end":{"line":34,"column":22}},"loc":{"start":{"line":34,"column":41},"end":{"line":43,"column":1}},"line":34}},"branchMap":{"0":{"loc":{"start":{"line":21,"column":2},"end":{"line":27,"column":3}},"type":"if","locations":[{"start":{"line":21,"column":2},"end":{"line":27,"column":3}},{"start":{},"end":{}}],"line":21},"1":{"loc":{"start":{"line":35,"column":2},"end":{"line":41,"column":3}},"type":"if","locations":[{"start":{"line":35,"column":2},"end":{"line":41,"column":3}},{"start":{},"end":{}}],"line":35}},"s":{"0":1,"1":1,"2":1,"3":1,"4":1,"5":1,"6":1,"7":1,"8":1,"9":1,"10":0,"11":1,"12":2,"13":1,"14":1,"15":1,"16":1,"17":1,"18":1,"19":1,"20":1,"21":1,"22":1},"f":{"0":1,"1":2},"b":{"0":[1,0],"1":[1,1]},"_coverageSchema":"1a1c01bbd47fc00a2c39e90264f33305004495a9","hash":"91ef41bc21f26e2db1ed1a8dd783fd57d30da27d"}
,"D:\\FoodBridge\\backend\\src\\routes\\recipient.routes.js": {"path":"D:\\FoodBridge\\backend\\src\\routes\\recipient.routes.js","statementMap":{"0":{"start":{"line":1,"column":19},"end":{"line":1,"column":37}},"1":{"start":{"line":2,"column":30},"end":{"line":2,"column":70}},"2":{"start":{"line":3,"column":30},"end":{"line":3,"column":71}},"3":{"start":{"line":10,"column":4},"end":{"line":10,"column":50}},"4":{"start":{"line":12,"column":15},"end":{"line":12,"column":23}},"5":{"start":{"line":17,"column":25},"end":{"line":26,"column":1}},"6":{"start":{"line":18,"column":2},"end":{"line":24,"column":3}},"7":{"start":{"line":19,"column":4},"end":{"line":23,"column":7}},"8":{"start":{"line":25,"column":2},"end":{"line":25,"column":9}},"9":{"start":{"line":29,"column":0},"end":{"line":29,"column":48}},"10":{"start":{"line":32,"column":0},"end":{"line":32,"column":66}},"11":{"start":{"line":35,"column":0},"end":{"line":35,"column":36}},"12":{"start":{"line":36,"column":0},"end":{"line":36,"column":35}},"13":{"start":{"line":39,"column":0},"end":{"line":39,"column":48}},"14":{"start":{"line":42,"column":0},"end":{"line":42,"column":38}},"15":{"start":{"line":44,"column":0},"end":{"line":44,"column":24}}},"fnMap":{"0":{"name":"(anonymous_0)","decl":{"start":{"line":17,"column":25},"end":{"line":17,"column":26}},"loc":{"start":{"line":17,"column":45},"end":{"line":26,"column":1}},"line":17}},"branchMap":{"0":{"loc":{"start":{"line":18,"column":2},"end":{"line":24,"column":3}},"type":"if","locations":[{"start":{"line":18,"column":2},"end":{"line":24,"column":3}},{"start":{},"end":{}}],"line":18}},"s":{"0":1,"1":1,"2":1,"3":1,"4":1,"5":1,"6":1,"7":1,"8":0,"9":1,"10":1,"11":1,"12":1,"13":1,"14":1,"15":1},"f":{"0":1},"b":{"0":[1,0]},"_coverageSchema":"1a1c01bbd47fc00a2c39e90264f33305004495a9","hash":"41ea3669eb5f31a1818f362c5286316324ca7cc1"}
,"D:\\FoodBridge\\backend\\src\\routes\\volunteer.routes.js": {"path":"D:\\FoodBridge\\backend\\src\\routes\\volunteer.routes.js","statementMap":{"0":{"start":{"line":1,"column":19},"end":{"line":1,"column":37}},"1":{"start":{"line":2,"column":30},"end":{"line":2,"column":70}},"2":{"start":{"line":3,"column":30},"end":{"line":3,"column":71}},"3":{"start":{"line":14,"column":4},"end":{"line":14,"column":50}},"4":{"start":{"line":16,"column":15},"end":{"line":16,"column":23}},"5":{"start":{"line":21,"column":25},"end":{"line":30,"column":1}},"6":{"start":{"line":22,"column":2},"end":{"line":28,"column":3}},"7":{"start":{"line":23,"column":4},"end":{"line":27,"column":7}},"8":{"start":{"line":29,"column":2},"end":{"line":29,"column":9}},"9":{"start":{"line":33,"column":0},"end":{"line":33,"column":48}},"10":{"start":{"line":36,"column":0},"end":{"line":36,"column":39}},"11":{"start":{"line":39,"column":0},"end":{"line":39,"column":56}},"12":{"start":{"line":42,"column":0},"end":{"line":42,"column":50}},"13":{"start":{"line":45,"column":0},"end":{"line":45,"column":57}},"14":{"start":{"line":48,"column":0},"end":{"line":48,"column":66}},"15":{"start":{"line":51,"column":0},"end":{"line":51,"column":37}},"16":{"start":{"line":52,"column":0},"end":{"line":52,"column":40}},"17":{"start":{"line":55,"column":0},"end":{"line":55,"column":71}},"18":{"start":{"line":58,"column":0},"end":{"line":58,"column":42}},"19":{"start":{"line":60,"column":0},"end":{"line":60,"column":24}}},"fnMap":{"0":{"name":"(anonymous_0)","decl":{"start":{"line":21,"column":25},"end":{"line":21,"column":26}},"loc":{"start":{"line":21,"column":45},"end":{"line":30,"column":1}},"line":21}},"branchMap":{"0":{"loc":{"start":{"line":22,"column":2},"end":{"line":28,"column":3}},"type":"if","locations":[{"start":{"line":22,"column":2},"end":{"line":28,"column":3}},{"start":{},"end":{}}],"line":22}},"s":{"0":1,"1":1,"2":1,"3":1,"4":1,"5":1,"6":1,"7":1,"8":0,"9":1,"10":1,"11":1,"12":1,"13":1,"14":1,"15":1,"16":1,"17":1,"18":1,"19":1},"f":{"0":1},"b":{"0":[1,0]},"_coverageSchema":"1a1c01bbd47fc00a2c39e90264f33305004495a9","hash":"2d0bbdbb32d7385af13fc6064e9422f1d76baa4c"}
,"D:\\FoodBridge\\backend\\src\\services\\email.service.js": {"path":"D:\\FoodBridge\\backend\\src\\services\\email.service.js","statementMap":{"0":{"start":{"line":1,"column":19},"end":{"line":1,"column":40}},"1":{"start":{"line":4,"column":20},"end":{"line":12,"column":2}},"2":{"start":{"line":21,"column":31},"end":{"line":144,"column":1}},"3":{"start":{"line":22,"column":24},"end":{"line":136,"column":5}},"4":{"start":{"line":138,"column":4},"end":{"line":143,"column":5}},"5":{"start":{"line":139,"column":8},"end":{"line":139,"column":48}},"6":{"start":{"line":141,"column":8},"end":{"line":141,"column":61}},"7":{"start":{"line":142,"column":8},"end":{"line":142,"column":63}},"8":{"start":{"line":146,"column":0},"end":{"line":146,"column":44}}},"fnMap":{"0":{"name":"(anonymous_0)","decl":{"start":{"line":21,"column":31},"end":{"line":21,"column":32}},"loc":{"start":{"line":21,"column":67},"end":{"line":144,"column":1}},"line":21}},"branchMap":{},"s":{"0":2,"1":2,"2":2,"3":5,"4":5,"5":5,"6":1,"7":1,"8":2},"f":{"0":5},"b":{},"_coverageSchema":"1a1c01bbd47fc00a2c39e90264f33305004495a9","hash":"d8c98d305adfa69951e594c6d736ccae2c1503bc"}
,"D:\\FoodBridge\\backend\\src\\services\\maps.service.js": {"path":"D:\\FoodBridge\\backend\\src\\services\\maps.service.js","statementMap":{"0":{"start":{"line":1,"column":14},"end":{"line":1,"column":30}},"1":{"start":{"line":3,"column":24},"end":{"line":6,"column":1}},"2":{"start":{"line":14,"column":20},"end":{"line":43,"column":1}},"3":{"start":{"line":15,"column":2},"end":{"line":42,"column":3}},"4":{"start":{"line":16,"column":21},"end":{"line":25,"column":5}},"5":{"start":{"line":27,"column":17},"end":{"line":27,"column":30}},"6":{"start":{"line":30,"column":27},"end":{"line":30,"column":57}},"7":{"start":{"line":31,"column":28},"end":{"line":31,"column":58}},"8":{"start":{"line":33,"column":4},"end":{"line":36,"column":6}},"9":{"start":{"line":38,"column":4},"end":{"line":38,"column":88}},"10":{"start":{"line":39,"column":18},"end":{"line":39,"column":56}},"11":{"start":{"line":40,"column":4},"end":{"line":40,"column":23}},"12":{"start":{"line":41,"column":4},"end":{"line":41,"column":16}},"13":{"start":{"line":51,"column":26},"end":{"line":90,"column":1}},"14":{"start":{"line":52,"column":2},"end":{"line":54,"column":3}},"15":{"start":{"line":53,"column":4},"end":{"line":53,"column":75}},"16":{"start":{"line":56,"column":2},"end":{"line":89,"column":3}},"17":{"start":{"line":57,"column":19},"end":{"line":57,"column":20}},"18":{"start":{"line":58,"column":27},"end":{"line":58,"column":28}},"19":{"start":{"line":61,"column":22},"end":{"line":61,"column":55}},"20":{"start":{"line":63,"column":4},"end":{"line":67,"column":5}},"21":{"start":{"line":63,"column":17},"end":{"line":63,"column":18}},"22":{"start":{"line":64,"column":18},"end":{"line":64,"column":67}},"23":{"start":{"line":65,"column":6},"end":{"line":65,"column":39}},"24":{"start":{"line":66,"column":6},"end":{"line":66,"column":48}},"25":{"start":{"line":69,"column":18},"end":{"line":75,"column":7}},"26":{"start":{"line":69,"column":46},"end":{"line":75,"column":5}},"27":{"start":{"line":77,"column":4},"end":{"line":82,"column":6}},"28":{"start":{"line":84,"column":4},"end":{"line":84,"column":63}},"29":{"start":{"line":84,"column":53},"end":{"line":84,"column":63}},"30":{"start":{"line":85,"column":4},"end":{"line":85,"column":59}},"31":{"start":{"line":86,"column":18},"end":{"line":86,"column":56}},"32":{"start":{"line":87,"column":4},"end":{"line":87,"column":23}},"33":{"start":{"line":88,"column":4},"end":{"line":88,"column":16}},"34":{"start":{"line":92,"column":0},"end":{"line":92,"column":52}}},"fnMap":{"0":{"name":"(anonymous_0)","decl":{"start":{"line":14,"column":20},"end":{"line":14,"column":21}},"loc":{"start":{"line":14,"column":63},"end":{"line":43,"column":1}},"line":14},"1":{"name":"(anonymous_1)","decl":{"start":{"line":51,"column":26},"end":{"line":51,"column":27}},"loc":{"start":{"line":51,"column":66},"end":{"line":90,"column":1}},"line":51},"2":{"name":"(anonymous_2)","decl":{"start":{"line":69,"column":37},"end":{"line":69,"column":38}},"loc":{"start":{"line":69,"column":46},"end":{"line":75,"column":5}},"line":69}},"branchMap":{"0":{"loc":{"start":{"line":30,"column":27},"end":{"line":30,"column":57}},"type":"binary-expr","locations":[{"start":{"line":30,"column":27},"end":{"line":30,"column":52}},{"start":{"line":30,"column":56},"end":{"line":30,"column":57}}],"line":30},"1":{"loc":{"start":{"line":31,"column":28},"end":{"line":31,"column":58}},"type":"binary-expr","locations":[{"start":{"line":31,"column":28},"end":{"line":31,"column":53}},{"start":{"line":31,"column":57},"end":{"line":31,"column":58}}],"line":31},"2":{"loc":{"start":{"line":38,"column":53},"end":{"line":38,"column":86}},"type":"binary-expr","locations":[{"start":{"line":38,"column":53},"end":{"line":38,"column":71}},{"start":{"line":38,"column":75},"end":{"line":38,"column":86}}],"line":38},"3":{"loc":{"start":{"line":52,"column":2},"end":{"line":54,"column":3}},"type":"if","locations":[{"start":{"line":52,"column":2},"end":{"line":54,"column":3}},{"start":{},"end":{}}],"line":52},"4":{"loc":{"start":{"line":52,"column":6},"end":{"line":52,"column":52}},"type":"binary-expr","locations":[{"start":{"line":52,"column":6},"end":{"line":52,"column":21}},{"start":{"line":52,"column":25},"end":{"line":52,"column":52}}],"line":52},"5":{"loc":{"start":{"line":65,"column":18},"end":{"line":65,"column":38}},"type":"binary-expr","locations":[{"start":{"line":65,"column":18},"end":{"line":65,"column":33}},{"start":{"line":65,"column":37},"end":{"line":65,"column":38}}],"line":65},"6":{"loc":{"start":{"line":66,"column":26},"end":{"line":66,"column":47}},"type":"binary-expr","locations":[{"start":{"line":66,"column":26},"end":{"line":66,"column":42}},{"start":{"line":66,"column":46},"end":{"line":66,"column":47}}],"line":66},"7":{"loc":{"start":{"line":70,"column":12},"end":{"line":70,"column":25}},"type":"binary-expr","locations":[{"start":{"line":70,"column":12},"end":{"line":70,"column":19}},{"start":{"line":70,"column":23},"end":{"line":70,"column":25}}],"line":70},"8":{"loc":{"start":{"line":71,"column":12},"end":{"line":71,"column":25}},"type":"binary-expr","locations":[{"start":{"line":71,"column":12},"end":{"line":71,"column":19}},{"start":{"line":71,"column":23},"end":{"line":71,"column":25}}],"line":71},"9":{"loc":{"start":{"line":72,"column":15},"end":{"line":72,"column":31}},"type":"binary-expr","locations":[{"start":{"line":72,"column":15},"end":{"line":72,"column":25}},{"start":{"line":72,"column":29},"end":{"line":72,"column":31}}],"line":72},"10":{"loc":{"start":{"line":84,"column":4},"end":{"line":84,"column":63}},"type":"if","locations":[{"start":{"line":84,"column":4},"end":{"line":84,"column":63}},{"start":{},"end":{}}],"line":84}},"s":{"0":2,"1":2,"2":2,"3":9,"4":9,"5":7,"6":7,"7":7,"8":7,"9":2,"10":2,"11":2,"12":2,"13":2,"14":5,"15":2,"16":3,"17":3,"18":3,"19":3,"20":3,"21":3,"22":4,"23":3,"24":3,"25":2,"26":3,"27":2,"28":1,"29":1,"30":0,"31":0,"32":0,"33":0,"34":2},"f":{"0":9,"1":5,"2":3},"b":{"0":[7,1],"1":[7,1],"2":[2,2],"3":[2,3],"4":[5,4],"5":[3,0],"6":[3,0],"7":[3,0],"8":[3,0],"9":[3,0],"10":[1,0]},"_coverageSchema":"1a1c01bbd47fc00a2c39e90264f33305004495a9","hash":"128016d58b998d8e7e029d1aacfe1124f1109452"}
,"D:\\FoodBridge\\backend\\src\\utils\\asyncHandler.js": {"path":"D:\\FoodBridge\\backend\\src\\utils\\asyncHandler.js","statementMap":{"0":{"start":{"line":5,"column":21},"end":{"line":7,"column":1}},"1":{"start":{"line":5,"column":29},"end":{"line":7,"column":1}},"2":{"start":{"line":6,"column":4},"end":{"line":6,"column":52}},"3":{"start":{"line":9,"column":0},"end":{"line":9,"column":30}}},"fnMap":{"0":{"name":"(anonymous_0)","decl":{"start":{"line":5,"column":21},"end":{"line":5,"column":22}},"loc":{"start":{"line":5,"column":29},"end":{"line":7,"column":1}},"line":5},"1":{"name":"(anonymous_1)","decl":{"start":{"line":5,"column":29},"end":{"line":5,"column":30}},"loc":{"start":{"line":5,"column":49},"end":{"line":7,"column":1}},"line":5}},"branchMap":{},"s":{"0":9,"1":97,"2":128,"3":9},"f":{"0":97,"1":128},"b":{},"_coverageSchema":"1a1c01bbd47fc00a2c39e90264f33305004495a9","hash":"f12ec2199efb10120ff7a183b17188745fe54b69"}
,"D:\\FoodBridge\\backend\\src\\utils\\generateTokens.js": {"path":"D:\\FoodBridge\\backend\\src\\utils\\generateTokens.js","statementMap":{"0":{"start":{"line":1,"column":12},"end":{"line":1,"column":35}},"1":{"start":{"line":2,"column":13},"end":{"line":2,"column":36}},"2":{"start":{"line":7,"column":28},"end":{"line":9,"column":1}},"3":{"start":{"line":8,"column":4},"end":{"line":8,"column":82}},"4":{"start":{"line":14,"column":29},"end":{"line":16,"column":1}},"5":{"start":{"line":15,"column":4},"end":{"line":15,"column":82}},"6":{"start":{"line":23,"column":23},"end":{"line":37,"column":1}},"7":{"start":{"line":24,"column":20},"end":{"line":24,"column":80}},"8":{"start":{"line":26,"column":24},"end":{"line":26,"column":52}},"9":{"start":{"line":27,"column":25},"end":{"line":27,"column":54}},"10":{"start":{"line":30,"column":22},"end":{"line":30,"column":68}},"11":{"start":{"line":31,"column":4},"end":{"line":34,"column":6}},"12":{"start":{"line":36,"column":4},"end":{"line":36,"column":41}},"13":{"start":{"line":39,"column":0},"end":{"line":39,"column":79}}},"fnMap":{"0":{"name":"(anonymous_0)","decl":{"start":{"line":7,"column":28},"end":{"line":7,"column":29}},"loc":{"start":{"line":7,"column":41},"end":{"line":9,"column":1}},"line":7},"1":{"name":"(anonymous_1)","decl":{"start":{"line":14,"column":29},"end":{"line":14,"column":30}},"loc":{"start":{"line":14,"column":42},"end":{"line":16,"column":1}},"line":14},"2":{"name":"(anonymous_2)","decl":{"start":{"line":23,"column":23},"end":{"line":23,"column":24}},"loc":{"start":{"line":23,"column":39},"end":{"line":37,"column":1}},"line":23}},"branchMap":{},"s":{"0":2,"1":2,"2":2,"3":5,"4":2,"5":5,"6":2,"7":4,"8":4,"9":4,"10":4,"11":4,"12":3,"13":2},"f":{"0":5,"1":5,"2":4},"b":{},"_coverageSchema":"1a1c01bbd47fc00a2c39e90264f33305004495a9","hash":"f38e97a2b0c676e4884991e4e23993f3c816d155"}
,"D:\\FoodBridge\\backend\\src\\utils\\invalidateCache.js": {"path":"D:\\FoodBridge\\backend\\src\\utils\\invalidateCache.js","statementMap":{"0":{"start":{"line":1,"column":14},"end":{"line":1,"column":40}},"1":{"start":{"line":11,"column":24},"end":{"line":30,"column":1}},"2":{"start":{"line":12,"column":2},"end":{"line":29,"column":3}},"3":{"start":{"line":13,"column":17},"end":{"line":13,"column":20}},"4":{"start":{"line":14,"column":25},"end":{"line":14,"column":27}},"5":{"start":{"line":16,"column":4},"end":{"line":20,"column":29}},"6":{"start":{"line":17,"column":33},"end":{"line":17,"column":89}},"7":{"start":{"line":18,"column":6},"end":{"line":18,"column":26}},"8":{"start":{"line":19,"column":6},"end":{"line":19,"column":33}},"9":{"start":{"line":22,"column":4},"end":{"line":25,"column":5}},"10":{"start":{"line":23,"column":6},"end":{"line":23,"column":39}},"11":{"start":{"line":24,"column":6},"end":{"line":24,"column":97}},"12":{"start":{"line":28,"column":4},"end":{"line":28,"column":71}},"13":{"start":{"line":32,"column":0},"end":{"line":32,"column":33}}},"fnMap":{"0":{"name":"(anonymous_0)","decl":{"start":{"line":11,"column":24},"end":{"line":11,"column":25}},"loc":{"start":{"line":11,"column":43},"end":{"line":30,"column":1}},"line":11}},"branchMap":{"0":{"loc":{"start":{"line":22,"column":4},"end":{"line":25,"column":5}},"type":"if","locations":[{"start":{"line":22,"column":4},"end":{"line":25,"column":5}},{"start":{},"end":{}}],"line":22}},"s":{"0":2,"1":2,"2":5,"3":5,"4":5,"5":5,"6":6,"7":5,"8":5,"9":4,"10":3,"11":2,"12":2,"13":2},"f":{"0":5},"b":{"0":[3,1]},"_coverageSchema":"1a1c01bbd47fc00a2c39e90264f33305004495a9","hash":"98fa3341adb7016976da8e071d8917ba8e9e5b48"}
}
