TN:
SF:src\controllers\admin.controller.js
FN:8,(anonymous_0)
FN:127,(anonymous_1)
FN:212,(anonymous_2)
FN:256,(anonymous_3)
FN:273,(anonymous_4)
FN:295,(anonymous_5)
FN:323,(anonymous_6)
FN:398,(anonymous_7)
FN:411,(anonymous_8)
FN:433,(anonymous_9)
FN:489,(anonymous_10)
FN:575,(anonymous_11)
FN:629,(anonymous_12)
FN:654,(anonymous_13)
FN:698,(anonymous_14)
FN:765,(anonymous_15)
FN:811,(anonymous_16)
FN:813,(anonymous_17)
FN:867,(anonymous_18)
FNF:19
FNH:19
FNDA:1,(anonymous_0)
FNDA:1,(anonymous_1)
FNDA:1,(anonymous_2)
FNDA:1,(anonymous_3)
FNDA:1,(anonymous_4)
FNDA:1,(anonymous_5)
FNDA:4,(anonymous_6)
FNDA:1,(anonymous_7)
FNDA:1,(anonymous_8)
FNDA:4,(anonymous_9)
FNDA:2,(anonymous_10)
FNDA:4,(anonymous_11)
FNDA:1,(anonymous_12)
FNDA:3,(anonymous_13)
FNDA:3,(anonymous_14)
FNDA:3,(anonymous_15)
FNDA:2,(anonymous_16)
FNDA:2,(anonymous_17)
FNDA:1,(anonymous_18)
DA:1,2
DA:2,2
DA:3,2
DA:8,2
DA:10,1
DA:28,1
DA:29,1
DA:30,1
DA:31,1
DA:36,1
DA:44,1
DA:47,1
DA:69,1
DA:91,1
DA:97,1
DA:99,1
DA:127,2
DA:129,1
DA:137,1
DA:138,1
DA:139,1
DA:143,1
DA:162,1
DA:163,1
DA:164,1
DA:167,1
DA:174,1
DA:175,1
DA:180,1
DA:185,1
DA:186,1
DA:191,1
DA:194,1
DA:199,1
DA:212,1
DA:213,1
DA:214,1
DA:215,1
DA:216,1
DA:217,1
DA:226,1
DA:256,2
DA:257,1
DA:272,1
DA:273,1
DA:274,1
DA:285,1
DA:287,1
DA:288,1
DA:289,1
DA:295,2
DA:296,1
DA:310,1
DA:323,2
DA:324,4
DA:325,4
DA:326,4
DA:328,4
DA:329,1
DA:337,3
DA:342,3
DA:343,1
DA:350,2
DA:352,2
DA:353,2
DA:354,2
DA:356,2
DA:357,1
DA:361,1
DA:366,1
DA:373,2
DA:374,2
DA:380,2
DA:382,2
DA:388,0
DA:389,0
DA:391,2
DA:398,2
DA:399,1
DA:411,1
DA:420,1
DA:433,2
DA:434,4
DA:435,4
DA:436,4
DA:438,4
DA:439,1
DA:447,3
DA:452,3
DA:453,1
DA:460,2
DA:462,2
DA:468,2
DA:479,2
DA:489,2
DA:490,2
DA:491,2
DA:492,2
DA:493,2
DA:496,2
DA:508,2
DA:509,2
DA:510,2
DA:512,2
DA:513,1
DA:518,1
DA:519,1
DA:522,2
DA:523,0
DA:524,0
DA:525,0
DA:528,2
DA:533,2
DA:537,2
DA:540,2
DA:556,2
DA:575,2
DA:576,4
DA:577,4
DA:578,4
DA:580,4
DA:581,1
DA:589,3
DA:594,3
DA:595,1
DA:602,2
DA:608,2
DA:619,2
DA:629,2
DA:630,1
DA:644,1
DA:654,2
DA:655,3
DA:657,3
DA:658,1
DA:666,2
DA:670,2
DA:671,1
DA:678,1
DA:686,1
DA:688,1
DA:698,2
DA:699,3
DA:700,3
DA:703,3
DA:708,3
DA:709,1
DA:717,2
DA:718,2
DA:719,2
DA:721,2
DA:722,1
DA:723,1
DA:725,2
DA:726,0
DA:727,0
DA:729,2
DA:730,0
DA:731,0
DA:733,2
DA:734,0
DA:735,0
DA:738,2
DA:739,1
DA:746,1
DA:747,1
DA:753,1
DA:755,1
DA:765,2
DA:766,3
DA:767,3
DA:769,3
DA:770,1
DA:777,2
DA:778,2
DA:779,1
DA:786,1
DA:787,1
DA:788,1
DA:791,1
DA:797,1
DA:800,1
DA:801,1
DA:802,1
DA:803,0
DA:804,0
DA:806,1
DA:809,1
DA:810,1
DA:811,2
DA:813,2
DA:820,1
DA:828,1
DA:841,1
DA:843,1
DA:857,0
DA:858,0
DA:860,1
DA:867,2
DA:868,1
DA:881,1
DA:891,2
LF:202
LH:187
BRDA:29,0,0,1
BRDA:29,0,1,0
BRDA:30,1,0,1
BRDA:30,1,1,0
BRDA:31,2,0,0
BRDA:31,2,1,1
BRDA:32,3,0,0
BRDA:32,3,1,0
BRDA:175,4,0,1
BRDA:175,4,1,0
BRDA:186,5,0,1
BRDA:186,5,1,0
BRDA:194,6,0,1
BRDA:194,6,1,0
BRDA:214,7,0,0
BRDA:214,7,1,1
BRDA:215,8,0,0
BRDA:215,8,1,1
BRDA:216,9,0,1
BRDA:216,9,1,0
BRDA:219,10,0,1
BRDA:219,10,1,0
BRDA:220,11,0,1
BRDA:220,11,1,0
BRDA:276,12,0,1
BRDA:276,12,1,0
BRDA:328,13,0,1
BRDA:328,13,1,3
BRDA:328,14,0,4
BRDA:328,14,1,4
BRDA:342,15,0,1
BRDA:342,15,1,2
BRDA:356,16,0,1
BRDA:356,16,1,1
BRDA:373,17,0,1
BRDA:373,17,1,1
BRDA:384,18,0,1
BRDA:384,18,1,1
BRDA:385,19,0,1
BRDA:385,19,1,1
BRDA:438,20,0,1
BRDA:438,20,1,3
BRDA:438,21,0,4
BRDA:438,21,1,4
BRDA:452,22,0,1
BRDA:452,22,1,2
BRDA:460,23,0,1
BRDA:460,23,1,1
BRDA:473,24,0,1
BRDA:473,24,1,1
BRDA:482,25,0,1
BRDA:482,25,1,1
BRDA:490,26,0,1
BRDA:490,27,0,1
BRDA:512,28,0,1
BRDA:512,28,1,1
BRDA:522,29,0,0
BRDA:522,29,1,2
BRDA:528,30,0,1
BRDA:528,30,1,1
BRDA:580,31,0,1
BRDA:580,31,1,3
BRDA:594,32,0,1
BRDA:594,32,1,2
BRDA:613,33,0,1
BRDA:613,33,1,1
BRDA:622,34,0,1
BRDA:622,34,1,1
BRDA:657,35,0,1
BRDA:657,35,1,2
BRDA:657,36,0,3
BRDA:657,36,1,2
BRDA:670,37,0,1
BRDA:670,37,1,1
BRDA:682,38,0,1
BRDA:682,38,1,1
BRDA:682,39,0,1
BRDA:682,39,1,1
BRDA:708,40,0,1
BRDA:708,40,1,2
BRDA:721,41,0,1
BRDA:721,41,1,1
BRDA:725,42,0,0
BRDA:725,42,1,2
BRDA:729,43,0,0
BRDA:729,43,1,2
BRDA:733,44,0,0
BRDA:733,44,1,2
BRDA:738,45,0,1
BRDA:738,45,1,1
BRDA:769,46,0,1
BRDA:769,46,1,2
BRDA:769,47,0,3
BRDA:769,47,1,2
BRDA:778,48,0,1
BRDA:778,48,1,1
BRDA:778,49,0,2
BRDA:778,49,1,1
BRDA:795,50,0,1
BRDA:795,50,1,1
BRDA:802,51,0,0
BRDA:802,51,1,1
BRDA:809,52,0,1
BRDA:809,52,1,0
BRDA:817,53,0,2
BRDA:817,53,1,2
BRDA:835,54,0,1
BRDA:835,54,1,1
BRDA:849,55,0,1
BRDA:849,55,1,1
BRF:110
BRH:90
end_of_record
TN:
SF:src\controllers\auth.controller.js
FN:27,(anonymous_0)
FN:36,(anonymous_1)
FN:91,(anonymous_2)
FN:141,(anonymous_3)
FN:173,(anonymous_4)
FN:225,(anonymous_5)
FN:261,(anonymous_6)
FN:289,(anonymous_7)
FN:334,(anonymous_8)
FN:399,(anonymous_9)
FNF:10
FNH:10
FNDA:4,(anonymous_0)
FNDA:3,(anonymous_1)
FNDA:4,(anonymous_2)
FNDA:2,(anonymous_3)
FNDA:3,(anonymous_4)
FNDA:2,(anonymous_5)
FNDA:3,(anonymous_6)
FNDA:4,(anonymous_7)
FNDA:3,(anonymous_8)
FNDA:3,(anonymous_9)
DA:1,2
DA:2,2
DA:3,2
DA:4,2
DA:5,2
DA:6,2
DA:7,2
DA:10,2
DA:17,2
DA:27,2
DA:28,4
DA:29,4
DA:36,2
DA:37,3
DA:40,3
DA:41,3
DA:42,1
DA:50,2
DA:53,2
DA:54,2
DA:61,2
DA:64,2
DA:65,1
DA:73,2
DA:74,2
DA:76,2
DA:91,2
DA:92,4
DA:95,4
DA:96,4
DA:97,1
DA:104,3
DA:107,3
DA:108,3
DA:109,1
DA:117,2
DA:120,2
DA:121,2
DA:124,2
DA:126,2
DA:141,2
DA:142,2
DA:145,2
DA:150,2
DA:151,1
DA:159,1
DA:160,1
DA:162,1
DA:173,2
DA:174,3
DA:177,3
DA:182,3
DA:183,1
DA:190,2
DA:194,2
DA:195,2
DA:198,1
DA:199,1
DA:207,1
DA:212,1
DA:214,1
DA:225,2
DA:226,2
DA:228,2
DA:235,2
DA:236,1
DA:243,1
DA:261,2
DA:263,3
DA:266,3
DA:269,3
DA:276,3
DA:279,3
DA:281,2
DA:289,2
DA:290,4
DA:293,4
DA:296,4
DA:301,4
DA:303,2
DA:310,2
DA:312,2
DA:313,2
DA:315,1
DA:316,1
DA:323,1
DA:334,2
DA:335,3
DA:338,3
DA:346,3
DA:347,1
DA:355,2
DA:356,2
DA:357,2
DA:358,2
DA:359,1
DA:360,1
DA:364,2
DA:365,1
DA:373,1
DA:376,1
DA:382,1
DA:387,1
DA:399,2
DA:400,3
DA:402,3
DA:405,3
DA:410,3
DA:411,1
DA:418,2
DA:421,2
DA:429,2
DA:430,2
DA:431,2
DA:433,2
DA:434,1
DA:443,1
DA:448,1
DA:449,1
DA:451,0
DA:452,0
DA:459,1
DA:466,2
LF:123
LH:121
BRDA:41,0,0,1
BRDA:41,0,1,2
BRDA:58,1,0,2
BRDA:58,1,1,2
BRDA:64,2,0,1
BRDA:64,2,1,1
BRDA:96,3,0,1
BRDA:96,3,1,3
BRDA:108,4,0,1
BRDA:108,4,1,2
BRDA:150,5,0,1
BRDA:150,5,1,1
BRDA:182,6,0,1
BRDA:182,6,1,2
BRDA:235,7,0,1
BRDA:235,7,1,1
BRDA:301,8,0,2
BRDA:301,8,1,2
BRDA:346,9,0,1
BRDA:346,9,1,2
BRDA:358,10,0,1
BRDA:358,10,1,1
BRDA:364,11,0,1
BRDA:364,11,1,1
BRDA:410,12,0,1
BRDA:410,12,1,2
BRDA:429,13,0,2
BRDA:429,13,1,0
BRDA:433,14,0,1
BRDA:433,14,1,1
BRF:30
BRH:29
end_of_record
TN:
SF:src\controllers\category.controller.js
FN:7,(anonymous_0)
FNF:1
FNH:1
FNDA:4,(anonymous_0)
DA:1,2
DA:2,2
DA:7,2
DA:8,4
DA:14,3
DA:21,2
LF:6
LH:6
BRF:0
BRH:0
end_of_record
TN:
SF:src\controllers\donor.controller.js
FN:7,(anonymous_0)
FN:55,(anonymous_1)
FN:65,(anonymous_2)
FN:71,(anonymous_3)
FN:107,(anonymous_4)
FN:156,(anonymous_5)
FN:179,(anonymous_6)
FN:199,(anonymous_7)
FN:238,(anonymous_8)
FNF:9
FNH:8
FNDA:2,(anonymous_0)
FNDA:1,(anonymous_1)
FNDA:0,(anonymous_2)
FNDA:1,(anonymous_3)
FNDA:2,(anonymous_4)
FNDA:2,(anonymous_5)
FNDA:1,(anonymous_6)
FNDA:2,(anonymous_7)
FNDA:1,(anonymous_8)
DA:1,2
DA:2,2
DA:7,2
DA:8,2
DA:11,2
DA:16,2
DA:21,2
DA:27,2
DA:35,2
DA:55,2
DA:56,2
DA:57,2
DA:58,1
DA:65,1
DA:66,0
DA:67,0
DA:71,2
DA:77,2
DA:93,2
DA:107,2
DA:108,2
DA:109,2
DA:110,2
DA:112,2
DA:131,2
DA:136,2
DA:138,2
DA:156,2
DA:157,2
DA:159,2
DA:178,2
DA:179,2
DA:180,1
DA:189,2
DA:191,2
DA:192,2
DA:193,2
DA:199,2
DA:200,2
DA:203,2
DA:208,2
DA:213,2
DA:230,2
DA:238,1
DA:248,2
LF:45
LH:43
BRDA:16,0,0,2
BRDA:16,0,1,1
BRDA:57,1,0,1
BRDA:57,1,1,1
BRDA:66,2,0,0
BRDA:66,2,1,0
BRDA:73,3,0,1
BRDA:73,3,1,1
BRDA:109,4,0,1
BRDA:109,5,0,1
BRDA:181,6,0,1
BRDA:181,6,1,0
BRDA:182,7,0,1
BRDA:182,7,1,0
BRDA:183,8,0,1
BRDA:183,8,1,0
BRDA:184,9,0,1
BRDA:184,9,1,0
BRDA:185,10,0,1
BRDA:185,10,1,0
BRDA:186,11,0,1
BRDA:186,11,1,0
BRDA:208,12,0,2
BRDA:208,12,1,1
BRF:24
BRH:16
end_of_record
TN:
SF:src\controllers\listing.controller.js
FN:8,(anonymous_0)
FN:23,(anonymous_1)
FN:116,(anonymous_2)
FN:153,(anonymous_3)
FN:184,(anonymous_4)
FN:203,(anonymous_5)
FN:216,(anonymous_6)
FN:256,(anonymous_7)
FN:329,(anonymous_8)
FNF:9
FNH:8
FNDA:3,(anonymous_0)
FNDA:6,(anonymous_1)
FNDA:1,(anonymous_2)
FNDA:0,(anonymous_3)
FNDA:1,(anonymous_4)
FNDA:1,(anonymous_5)
FNDA:2,(anonymous_6)
FNDA:3,(anonymous_7)
FNDA:3,(anonymous_8)
DA:1,2
DA:2,2
DA:3,2
DA:8,2
DA:9,3
DA:10,2
DA:23,2
DA:24,6
DA:33,6
DA:36,6
DA:37,1
DA:39,5
DA:40,1
DA:42,4
DA:43,1
DA:45,3
DA:46,0
DA:48,3
DA:49,1
DA:52,2
DA:53,2
DA:54,2
DA:57,2
DA:63,1
DA:66,1
DA:78,1
DA:81,1
DA:82,1
DA:83,0
DA:84,0
DA:90,0
DA:94,1
DA:97,1
DA:98,1
DA:100,1
DA:106,1
DA:107,1
DA:109,2
DA:116,2
DA:117,1
DA:119,1
DA:120,1
DA:121,1
DA:124,1
DA:126,1
DA:127,0
DA:129,1
DA:130,0
DA:133,1
DA:136,1
DA:153,1
DA:154,1
DA:157,1
DA:158,1
DA:164,1
DA:166,1
DA:184,2
DA:185,1
DA:187,1
DA:203,1
DA:204,1
DA:206,1
DA:216,2
DA:217,2
DA:219,2
DA:231,2
DA:232,1
DA:235,1
DA:238,1
DA:241,1
DA:246,1
DA:256,2
DA:257,3
DA:258,3
DA:261,3
DA:265,3
DA:266,1
DA:268,2
DA:269,1
DA:276,1
DA:279,1
DA:280,0
DA:282,1
DA:283,0
DA:285,1
DA:286,0
DA:289,1
DA:316,1
DA:317,1
DA:319,1
DA:329,2
DA:330,3
DA:331,3
DA:334,3
DA:338,3
DA:339,1
DA:341,2
DA:342,1
DA:345,1
DA:354,1
DA:355,1
DA:357,1
DA:364,2
LF:103
LH:94
BRDA:9,0,0,1
BRDA:9,0,1,2
BRDA:9,1,0,3
BRDA:9,1,1,3
BRDA:36,2,0,1
BRDA:36,2,1,5
BRDA:36,3,0,6
BRDA:36,3,1,5
BRDA:39,4,0,1
BRDA:39,4,1,4
BRDA:39,5,0,5
BRDA:39,5,1,4
BRDA:39,5,2,4
BRDA:42,6,0,1
BRDA:42,6,1,3
BRDA:42,7,0,4
BRDA:42,7,1,4
BRDA:45,8,0,0
BRDA:45,8,1,3
BRDA:45,9,0,3
BRDA:45,9,1,3
BRDA:48,10,0,1
BRDA:48,10,1,2
BRDA:61,11,0,2
BRDA:61,11,1,2
BRDA:61,12,0,2
BRDA:61,12,1,2
BRDA:73,13,0,1
BRDA:73,13,1,1
BRDA:74,14,0,1
BRDA:74,14,1,0
BRDA:75,15,0,1
BRDA:75,15,1,1
BRDA:82,16,0,0
BRDA:82,16,1,1
BRDA:82,17,0,1
BRDA:82,17,1,0
BRDA:117,18,0,1
BRDA:117,19,0,1
BRDA:117,20,0,1
BRDA:126,21,0,0
BRDA:126,21,1,1
BRDA:129,22,0,0
BRDA:129,22,1,1
BRDA:133,23,0,1
BRDA:133,23,1,0
BRDA:231,24,0,1
BRDA:231,24,1,1
BRDA:265,25,0,1
BRDA:265,25,1,2
BRDA:268,26,0,1
BRDA:268,26,1,1
BRDA:279,27,0,0
BRDA:279,27,1,1
BRDA:279,28,0,1
BRDA:279,28,1,0
BRDA:279,28,2,0
BRDA:282,29,0,0
BRDA:282,29,1,1
BRDA:282,30,0,1
BRDA:282,30,1,0
BRDA:285,31,0,0
BRDA:285,31,1,1
BRDA:285,32,0,1
BRDA:285,32,1,0
BRDA:285,32,2,0
BRDA:305,33,0,1
BRDA:305,33,1,0
BRDA:305,34,0,1
BRDA:305,34,1,1
BRDA:306,35,0,0
BRDA:306,35,1,1
BRDA:307,36,0,1
BRDA:307,36,1,1
BRDA:308,37,0,0
BRDA:308,37,1,1
BRDA:309,38,0,1
BRDA:309,38,1,1
BRDA:309,39,0,1
BRDA:309,39,1,1
BRDA:309,40,0,1
BRDA:309,40,1,1
BRDA:310,41,0,1
BRDA:310,41,1,1
BRDA:310,42,0,1
BRDA:310,42,1,1
BRDA:338,43,0,1
BRDA:338,43,1,2
BRDA:341,44,0,1
BRDA:341,44,1,1
BRF:90
BRH:72
end_of_record
TN:
SF:src\controllers\recipient.controller.js
FN:8,(anonymous_0)
FN:64,(anonymous_1)
FN:67,(anonymous_2)
FN:158,(anonymous_3)
FN:191,(anonymous_4)
FN:292,(anonymous_5)
FN:328,(anonymous_6)
FN:344,(anonymous_7)
FN:410,(anonymous_8)
FNF:9
FNH:7
FNDA:3,(anonymous_0)
FNDA:0,(anonymous_1)
FNDA:0,(anonymous_2)
FNDA:1,(anonymous_3)
FNDA:4,(anonymous_4)
FNDA:2,(anonymous_5)
FNDA:1,(anonymous_6)
FNDA:3,(anonymous_7)
FNDA:5,(anonymous_8)
DA:1,2
DA:2,2
DA:8,2
DA:19,3
DA:22,3
DA:23,3
DA:24,3
DA:25,3
DA:26,3
DA:27,3
DA:28,3
DA:31,3
DA:32,3
DA:38,3
DA:47,3
DA:48,0
DA:52,3
DA:53,1
DA:57,3
DA:58,1
DA:62,3
DA:63,3
DA:64,0
DA:65,0
DA:66,0
DA:67,0
DA:70,0
DA:80,3
DA:83,3
DA:85,3
DA:87,0
DA:88,0
DA:90,0
DA:91,0
DA:94,3
DA:95,3
DA:99,3
DA:144,3
DA:147,3
DA:148,3
DA:155,3
DA:156,3
DA:158,3
DA:176,3
DA:191,2
DA:192,4
DA:193,4
DA:195,4
DA:196,1
DA:203,3
DA:204,0
DA:212,3
DA:217,3
DA:218,0
DA:225,3
DA:226,1
DA:234,2
DA:240,2
DA:241,1
DA:249,1
DA:250,1
DA:251,1
DA:254,1
DA:259,1
DA:261,1
DA:268,1
DA:273,1
DA:275,1
DA:281,0
DA:282,0
DA:284,1
DA:292,2
DA:293,2
DA:296,2
DA:328,2
DA:333,2
DA:344,2
DA:345,3
DA:346,3
DA:349,3
DA:355,3
DA:356,1
DA:363,2
DA:366,2
DA:367,1
DA:375,1
DA:376,1
DA:377,1
DA:379,1
DA:385,1
DA:391,1
DA:393,1
DA:399,0
DA:400,0
DA:402,1
DA:410,2
DA:411,5
DA:412,5
DA:415,5
DA:416,1
DA:423,4
DA:424,1
DA:432,3
DA:441,3
DA:442,1
DA:449,2
DA:452,2
DA:458,2
DA:459,1
DA:467,1
DA:474,1
DA:486,1
DA:493,2
LF:113
LH:97
BRDA:12,0,0,3
BRDA:15,1,0,3
BRDA:17,2,0,3
BRDA:18,3,0,3
BRDA:22,4,0,3
BRDA:22,4,1,0
BRDA:22,4,2,0
BRDA:22,4,3,0
BRDA:23,5,0,0
BRDA:23,5,1,3
BRDA:24,6,0,0
BRDA:24,6,1,3
BRDA:26,7,0,3
BRDA:26,7,1,0
BRDA:27,8,0,3
BRDA:27,8,1,0
BRDA:31,9,0,0
BRDA:31,9,1,3
BRDA:38,10,0,0
BRDA:38,10,1,3
BRDA:47,11,0,0
BRDA:47,11,1,3
BRDA:52,12,0,1
BRDA:52,12,1,2
BRDA:57,13,0,1
BRDA:57,13,1,2
BRDA:63,14,0,0
BRDA:63,14,1,3
BRDA:65,15,0,0
BRDA:65,15,1,0
BRDA:83,16,0,0
BRDA:83,16,1,3
BRDA:83,17,0,3
BRDA:83,17,1,0
BRDA:85,18,0,0
BRDA:85,18,1,0
BRDA:85,18,2,3
BRDA:85,18,3,3
BRDA:111,19,0,0
BRDA:111,19,1,3
BRDA:166,20,0,1
BRDA:166,20,1,1
BRDA:167,21,0,1
BRDA:167,21,1,1
BRDA:169,22,0,0
BRDA:169,22,1,1
BRDA:171,23,0,1
BRDA:171,23,1,0
BRDA:173,24,0,1
BRDA:173,24,1,1
BRDA:180,25,0,3
BRDA:180,25,1,0
BRDA:195,26,0,1
BRDA:195,26,1,3
BRDA:195,27,0,4
BRDA:195,27,1,3
BRDA:203,28,0,0
BRDA:203,28,1,3
BRDA:203,29,0,3
BRDA:203,29,1,3
BRDA:203,29,2,3
BRDA:203,29,3,3
BRDA:217,30,0,0
BRDA:217,30,1,3
BRDA:225,31,0,1
BRDA:225,31,1,2
BRDA:240,32,0,1
BRDA:240,32,1,1
BRDA:257,33,0,1
BRDA:257,33,1,1
BRDA:330,34,0,1
BRDA:330,34,1,1
BRDA:355,35,0,1
BRDA:355,35,1,2
BRDA:366,36,0,1
BRDA:366,36,1,1
BRDA:415,37,0,1
BRDA:415,37,1,4
BRDA:423,38,0,1
BRDA:423,38,1,3
BRDA:423,39,0,4
BRDA:423,39,1,4
BRDA:423,39,2,4
BRDA:423,39,3,4
BRDA:441,40,0,1
BRDA:441,40,1,2
BRDA:458,41,0,1
BRDA:458,41,1,1
BRDA:471,42,0,1
BRDA:471,42,1,0
BRF:90
BRH:66
end_of_record
TN:
SF:src\controllers\volunteer.controller.js
FN:8,(anonymous_0)
FN:25,(anonymous_1)
FN:30,(anonymous_2)
FN:157,(anonymous_3)
FN:195,(anonymous_4)
FN:285,(anonymous_5)
FN:305,haversineDistance
FN:306,(anonymous_7)
FN:319,(anonymous_8)
FN:551,(anonymous_9)
FN:588,(anonymous_10)
FN:636,(anonymous_11)
FN:809,(anonymous_12)
FN:854,(anonymous_13)
FN:943,(anonymous_14)
FN:958,(anonymous_15)
FN:967,(anonymous_16)
FN:970,(anonymous_17)
FN:973,(anonymous_18)
FN:990,(anonymous_19)
FNF:20
FNH:16
FNDA:25,(anonymous_0)
FNDA:1,(anonymous_1)
FNDA:2,(anonymous_2)
FNDA:0,(anonymous_3)
FNDA:2,(anonymous_4)
FNDA:0,(anonymous_5)
FNDA:0,haversineDistance
FNDA:0,(anonymous_7)
FNDA:4,(anonymous_8)
FNDA:2,(anonymous_9)
FNDA:1,(anonymous_10)
FNDA:7,(anonymous_11)
FNDA:2,(anonymous_12)
FNDA:3,(anonymous_13)
FNDA:1,(anonymous_14)
FNDA:3,(anonymous_15)
FNDA:3,(anonymous_16)
FNDA:3,(anonymous_17)
FNDA:3,(anonymous_18)
FNDA:3,(anonymous_19)
DA:1,2
DA:2,2
DA:3,2
DA:8,2
DA:9,25
DA:13,25
DA:14,18
DA:20,2
DA:25,2
DA:30,2
DA:31,2
DA:32,2
DA:34,2
DA:35,1
DA:43,1
DA:57,1
DA:58,1
DA:61,1
DA:68,1
DA:71,1
DA:102,1
DA:104,1
DA:106,0
DA:107,0
DA:108,0
DA:115,0
DA:116,0
DA:126,0
DA:131,0
DA:132,0
DA:133,0
DA:142,0
DA:143,0
DA:152,0
DA:157,1
DA:176,1
DA:195,2
DA:196,2
DA:197,2
DA:199,2
DA:200,1
DA:208,1
DA:212,1
DA:213,1
DA:216,1
DA:244,1
DA:245,1
DA:246,1
DA:248,1
DA:249,1
DA:250,1
DA:254,1
DA:257,0
DA:264,1
DA:268,1
DA:270,1
DA:285,1
DA:286,0
DA:287,0
DA:288,0
DA:291,1
DA:292,1
DA:295,1
DA:306,0
DA:307,0
DA:308,0
DA:309,0
DA:311,0
DA:313,0
DA:319,2
DA:320,4
DA:321,4
DA:322,4
DA:324,4
DA:325,1
DA:333,3
DA:340,3
DA:341,1
DA:348,2
DA:349,1
DA:357,1
DA:362,1
DA:363,1
DA:371,0
DA:372,0
DA:395,0
DA:398,0
DA:405,0
DA:408,0
DA:412,0
DA:414,0
DA:417,0
DA:418,0
DA:420,0
DA:421,0
DA:422,0
DA:423,0
DA:425,0
DA:426,0
DA:428,0
DA:429,0
DA:433,0
DA:435,0
DA:437,0
DA:460,0
DA:461,0
DA:462,0
DA:470,0
DA:471,0
DA:482,0
DA:489,0
DA:490,0
DA:500,0
DA:501,0
DA:502,0
DA:504,0
DA:505,0
DA:510,0
DA:519,0
DA:551,2
DA:552,2
DA:553,2
DA:555,2
DA:556,1
DA:563,1
DA:588,1
DA:609,1
DA:620,2
DA:630,2
DA:636,2
DA:637,7
DA:638,7
DA:639,7
DA:640,7
DA:642,7
DA:643,1
DA:650,6
DA:651,1
DA:659,5
DA:660,5
DA:661,1
DA:669,4
DA:679,4
DA:680,1
DA:687,3
DA:689,3
DA:690,1
DA:698,2
DA:699,2
DA:700,1
DA:708,1
DA:709,1
DA:710,1
DA:712,1
DA:713,1
DA:720,1
DA:721,0
DA:728,0
DA:734,1
DA:735,0
DA:743,0
DA:747,0
DA:752,0
DA:759,0
DA:763,0
DA:764,0
DA:765,0
DA:768,0
DA:779,0
DA:791,1
DA:793,1
DA:799,0
DA:800,0
DA:802,1
DA:809,2
DA:810,2
DA:811,2
DA:813,2
DA:814,1
DA:821,1
DA:830,1
DA:831,1
DA:832,7
DA:835,1
DA:836,2
DA:837,2
DA:844,1
DA:854,2
DA:855,3
DA:856,3
DA:857,3
DA:859,3
DA:860,0
DA:867,3
DA:868,1
DA:875,2
DA:876,1
DA:883,1
DA:884,1
DA:885,1
DA:888,1
DA:895,1
DA:896,1
DA:897,1
DA:904,1
DA:906,0
DA:907,0
DA:909,1
DA:913,1
DA:921,1
DA:922,1
DA:923,7
DA:925,1
DA:926,1
DA:933,1
DA:943,2
DA:944,1
DA:946,1
DA:958,3
DA:967,3
DA:970,3
DA:973,3
DA:974,1
DA:976,1
DA:990,2
DA:991,3
DA:992,3
DA:993,3
DA:995,3
DA:996,1
DA:1003,2
DA:1004,1
DA:1012,1
DA:1020,1
DA:1037,1
DA:1038,1
DA:1040,1
DA:1041,1
DA:1042,1
DA:1044,1
DA:1045,1
DA:1046,1
DA:1050,1
DA:1052,0
DA:1057,1
DA:1068,2
LF:246
LH:170
BRDA:13,0,0,7
BRDA:13,0,1,18
BRDA:34,1,0,1
BRDA:34,1,1,1
BRDA:57,2,0,1
BRDA:57,2,1,0
BRDA:58,3,0,1
BRDA:58,3,1,0
BRDA:68,4,0,1
BRDA:68,4,1,0
BRDA:104,5,0,0
BRDA:104,5,1,1
BRDA:111,6,0,0
BRDA:111,6,1,0
BRDA:115,7,0,0
BRDA:115,7,1,0
BRDA:115,8,0,0
BRDA:115,8,1,0
BRDA:127,9,0,0
BRDA:127,9,1,0
BRDA:128,10,0,0
BRDA:128,10,1,0
BRDA:160,11,0,0
BRDA:160,11,1,0
BRDA:165,12,0,0
BRDA:165,12,1,0
BRDA:172,13,0,0
BRDA:172,13,1,0
BRDA:173,14,0,0
BRDA:173,14,1,0
BRDA:183,15,0,1
BRDA:183,15,1,0
BRDA:199,16,0,1
BRDA:199,16,1,1
BRDA:248,17,0,1
BRDA:248,17,1,0
BRDA:248,18,0,1
BRDA:248,18,1,1
BRDA:248,18,2,1
BRDA:248,18,3,1
BRDA:264,19,0,1
BRDA:264,19,1,0
BRDA:268,20,0,1
BRDA:268,20,1,0
BRDA:280,21,0,1
BRDA:280,21,1,1
BRDA:286,22,0,0
BRDA:286,22,1,0
BRDA:287,23,0,0
BRDA:287,23,1,0
BRDA:324,24,0,1
BRDA:324,24,1,3
BRDA:340,25,0,1
BRDA:340,25,1,2
BRDA:348,26,0,1
BRDA:348,26,1,1
BRDA:362,27,0,1
BRDA:362,27,1,0
BRDA:395,28,0,0
BRDA:395,28,1,0
BRDA:417,29,0,0
BRDA:417,29,1,0
BRDA:418,30,0,0
BRDA:418,30,1,0
BRDA:420,31,0,0
BRDA:420,31,1,0
BRDA:421,32,0,0
BRDA:421,32,1,0
BRDA:422,33,0,0
BRDA:422,33,1,0
BRDA:423,34,0,0
BRDA:423,34,1,0
BRDA:425,35,0,0
BRDA:425,35,1,0
BRDA:426,36,0,0
BRDA:426,36,1,0
BRDA:428,37,0,0
BRDA:428,37,1,0
BRDA:428,38,0,0
BRDA:428,38,1,0
BRDA:428,38,2,0
BRDA:428,38,3,0
BRDA:435,39,0,0
BRDA:435,39,1,0
BRDA:435,40,0,0
BRDA:435,40,1,0
BRDA:461,41,0,0
BRDA:461,41,1,0
BRDA:461,42,0,0
BRDA:461,42,1,0
BRDA:465,43,0,0
BRDA:465,43,1,0
BRDA:470,44,0,0
BRDA:470,44,1,0
BRDA:470,45,0,0
BRDA:470,45,1,0
BRDA:474,46,0,0
BRDA:474,46,1,0
BRDA:485,47,0,0
BRDA:485,47,1,0
BRDA:489,48,0,0
BRDA:489,48,1,0
BRDA:489,49,0,0
BRDA:489,49,1,0
BRDA:493,50,0,0
BRDA:493,50,1,0
BRDA:500,51,0,0
BRDA:500,51,1,0
BRDA:530,52,0,0
BRDA:530,52,1,0
BRDA:555,53,0,1
BRDA:555,53,1,1
BRDA:591,54,0,0
BRDA:591,54,1,1
BRDA:598,55,0,0
BRDA:598,55,1,1
BRDA:605,56,0,0
BRDA:605,56,1,1
BRDA:606,57,0,1
BRDA:606,57,1,1
BRDA:642,58,0,1
BRDA:642,58,1,6
BRDA:650,59,0,1
BRDA:650,59,1,5
BRDA:660,60,0,1
BRDA:660,60,1,4
BRDA:679,61,0,1
BRDA:679,61,1,3
BRDA:689,62,0,1
BRDA:689,62,1,2
BRDA:699,63,0,1
BRDA:699,63,1,1
BRDA:712,64,0,1
BRDA:712,64,1,0
BRDA:720,65,0,0
BRDA:720,65,1,1
BRDA:734,66,0,0
BRDA:734,66,1,1
BRDA:763,67,0,0
BRDA:763,67,1,0
BRDA:764,68,0,0
BRDA:764,68,1,0
BRDA:813,69,0,1
BRDA:813,69,1,1
BRDA:859,70,0,0
BRDA:859,70,1,3
BRDA:867,71,0,1
BRDA:867,71,1,2
BRDA:867,72,0,3
BRDA:867,72,1,3
BRDA:867,72,2,3
BRDA:867,72,3,3
BRDA:875,73,0,1
BRDA:875,73,1,1
BRDA:896,74,0,0
BRDA:896,74,1,1
BRDA:896,75,0,1
BRDA:896,75,1,1
BRDA:960,76,0,1
BRDA:960,76,1,2
BRDA:974,77,0,1
BRDA:974,77,1,0
BRDA:995,78,0,1
BRDA:995,78,1,2
BRDA:1003,79,0,1
BRDA:1003,79,1,1
BRDA:1003,80,0,2
BRDA:1003,80,1,1
BRDA:1040,81,0,1
BRDA:1040,81,1,0
BRDA:1042,82,0,1
BRDA:1042,82,1,0
BRDA:1044,83,0,1
BRDA:1044,83,1,0
BRDA:1044,84,0,1
BRDA:1044,84,1,1
BRF:176
BRH:77
end_of_record
TN:
SF:src\middleware\auth.middleware.js
FN:7,(anonymous_0)
FN:37,(anonymous_1)
FN:37,(anonymous_2)
FNF:3
FNH:3
FNDA:14,(anonymous_0)
FNDA:4,(anonymous_1)
FNDA:4,(anonymous_2)
DA:1,2
DA:7,2
DA:9,14
DA:12,14
DA:13,4
DA:20,10
DA:21,10
DA:22,8
DA:23,8
DA:25,2
DA:37,4
DA:38,4
DA:39,2
DA:45,2
DA:48,2
LF:15
LH:15
BRDA:9,0,0,14
BRDA:9,0,1,5
BRDA:9,0,2,1
BRDA:12,1,0,4
BRDA:12,1,1,10
BRDA:38,2,0,2
BRDA:38,2,1,2
BRF:7
BRH:7
end_of_record
TN:
SF:src\middleware\cache.middleware.js
FN:11,(anonymous_0)
FN:12,(anonymous_1)
FN:33,(anonymous_2)
FN:37,(anonymous_3)
FNF:4
FNH:4
FNDA:13,(anonymous_0)
FNDA:7,(anonymous_1)
FNDA:3,(anonymous_2)
FNDA:1,(anonymous_3)
DA:1,2
DA:11,2
DA:12,13
DA:14,7
DA:15,7
DA:17,7
DA:18,7
DA:20,6
DA:22,1
DA:23,1
DA:27,1
DA:31,6
DA:33,6
DA:35,3
DA:36,2
DA:37,2
DA:38,1
DA:41,0
DA:45,3
DA:46,3
DA:49,6
DA:53,2
LF:22
LH:21
BRDA:14,0,0,7
BRDA:14,0,1,6
BRDA:20,1,0,1
BRDA:20,1,1,5
BRDA:35,2,0,2
BRDA:35,2,1,1
BRDA:35,3,0,3
BRDA:35,3,1,3
BRF:8
BRH:8
end_of_record
TN:
SF:src\routes\admin.routes.js
FNF:0
FNH:0
DA:1,1
DA:2,1
DA:3,1
DA:19,1
DA:21,1
DA:26,1
DA:29,1
DA:32,1
DA:33,1
DA:36,1
DA:37,1
DA:40,1
DA:41,1
DA:44,1
DA:45,1
DA:48,1
DA:49,1
DA:50,1
DA:53,1
DA:54,1
DA:56,1
LF:21
LH:21
BRF:0
BRH:0
end_of_record
TN:
SF:src\routes\auth.routes.js
FN:11,(anonymous_0)
FN:40,(anonymous_1)
FNF:2
FNH:2
FNDA:5,(anonymous_0)
FNDA:3,(anonymous_1)
DA:1,1
DA:2,1
DA:3,1
DA:4,1
DA:6,1
DA:11,1
DA:12,5
DA:13,5
DA:14,4
DA:20,1
DA:26,1
DA:40,3
DA:45,1
DA:54,1
DA:60,1
DA:72,1
DA:81,1
DA:82,1
DA:83,1
DA:84,1
DA:85,1
DA:88,1
DA:89,1
DA:90,1
DA:92,1
LF:25
LH:25
BRDA:13,0,0,4
BRDA:13,0,1,1
BRF:2
BRH:2
end_of_record
TN:
SF:src\routes\category.routes.js
FNF:0
FNH:0
DA:1,1
DA:2,1
DA:3,1
DA:6,1
DA:8,1
LF:5
LH:5
BRF:0
BRH:0
end_of_record
TN:
SF:src\routes\donor.routes.js
FN:15,(anonymous_0)
FNF:1
FNH:0
FNDA:0,(anonymous_0)
DA:1,1
DA:2,1
DA:8,1
DA:10,1
DA:15,1
DA:16,0
DA:17,0
DA:23,0
DA:27,1
DA:30,1
DA:33,1
DA:34,1
DA:37,1
DA:39,1
LF:14
LH:11
BRDA:16,0,0,0
BRDA:16,0,1,0
BRF:2
BRH:0
end_of_record
TN:
SF:src\routes\listing.routes.js
FN:19,(anonymous_0)
FN:34,(anonymous_1)
FNF:2
FNH:2
FNDA:1,(anonymous_0)
FNDA:2,(anonymous_1)
DA:1,1
DA:2,1
DA:3,1
DA:4,1
DA:12,1
DA:14,1
DA:19,1
DA:20,1
DA:21,1
DA:22,1
DA:28,0
DA:34,1
DA:35,2
DA:36,1
DA:42,1
DA:48,1
DA:75,1
DA:78,1
DA:81,1
DA:84,1
DA:87,1
DA:90,1
DA:92,1
LF:23
LH:22
BRDA:21,0,0,1
BRDA:21,0,1,0
BRDA:35,1,0,1
BRDA:35,1,1,1
BRF:4
BRH:3
end_of_record
TN:
SF:src\routes\recipient.routes.js
FN:17,(anonymous_0)
FNF:1
FNH:1
FNDA:1,(anonymous_0)
DA:1,1
DA:2,1
DA:3,1
DA:10,1
DA:12,1
DA:17,1
DA:18,1
DA:19,1
DA:25,0
DA:29,1
DA:32,1
DA:35,1
DA:36,1
DA:39,1
DA:42,1
DA:44,1
LF:16
LH:15
BRDA:18,0,0,1
BRDA:18,0,1,0
BRF:2
BRH:1
end_of_record
TN:
SF:src\routes\volunteer.routes.js
FN:21,(anonymous_0)
FNF:1
FNH:1
FNDA:1,(anonymous_0)
DA:1,1
DA:2,1
DA:3,1
DA:14,1
DA:16,1
DA:21,1
DA:22,1
DA:23,1
DA:29,0
DA:33,1
DA:36,1
DA:39,1
DA:42,1
DA:45,1
DA:48,1
DA:51,1
DA:52,1
DA:55,1
DA:58,1
DA:60,1
LF:20
LH:19
BRDA:22,0,0,1
BRDA:22,0,1,0
BRF:2
BRH:1
end_of_record
TN:
SF:src\services\email.service.js
FN:21,(anonymous_0)
FNF:1
FNH:1
FNDA:5,(anonymous_0)
DA:1,2
DA:4,2
DA:21,2
DA:22,5
DA:138,5
DA:139,5
DA:141,1
DA:142,1
DA:146,2
LF:9
LH:9
BRF:0
BRH:0
end_of_record
TN:
SF:src\services\maps.service.js
FN:14,(anonymous_0)
FN:51,(anonymous_1)
FN:69,(anonymous_2)
FNF:3
FNH:3
FNDA:9,(anonymous_0)
FNDA:5,(anonymous_1)
FNDA:3,(anonymous_2)
DA:1,2
DA:3,2
DA:14,2
DA:15,9
DA:16,9
DA:27,7
DA:30,7
DA:31,7
DA:33,7
DA:38,2
DA:39,2
DA:40,2
DA:41,2
DA:51,2
DA:52,5
DA:53,2
DA:56,3
DA:57,3
DA:58,3
DA:61,3
DA:63,3
DA:64,4
DA:65,3
DA:66,3
DA:69,3
DA:77,2
DA:84,1
DA:85,0
DA:86,0
DA:87,0
DA:88,0
DA:92,2
LF:32
LH:28
BRDA:30,0,0,7
BRDA:30,0,1,1
BRDA:31,1,0,7
BRDA:31,1,1,1
BRDA:38,2,0,2
BRDA:38,2,1,2
BRDA:52,3,0,2
BRDA:52,3,1,3
BRDA:52,4,0,5
BRDA:52,4,1,4
BRDA:65,5,0,3
BRDA:65,5,1,0
BRDA:66,6,0,3
BRDA:66,6,1,0
BRDA:70,7,0,3
BRDA:70,7,1,0
BRDA:71,8,0,3
BRDA:71,8,1,0
BRDA:72,9,0,3
BRDA:72,9,1,0
BRDA:84,10,0,1
BRDA:84,10,1,0
BRF:22
BRH:16
end_of_record
TN:
SF:src\utils\asyncHandler.js
FN:5,(anonymous_0)
FN:5,(anonymous_1)
FNF:2
FNH:2
FNDA:97,(anonymous_0)
FNDA:128,(anonymous_1)
DA:5,97
DA:6,128
DA:9,9
LF:3
LH:3
BRF:0
BRH:0
end_of_record
TN:
SF:src\utils\generateTokens.js
FN:7,(anonymous_0)
FN:14,(anonymous_1)
FN:23,(anonymous_2)
FNF:3
FNH:3
FNDA:5,(anonymous_0)
FNDA:5,(anonymous_1)
FNDA:4,(anonymous_2)
DA:1,2
DA:2,2
DA:7,2
DA:8,5
DA:14,2
DA:15,5
DA:23,2
DA:24,4
DA:26,4
DA:27,4
DA:30,4
DA:31,4
DA:36,3
DA:39,2
LF:14
LH:14
BRF:0
BRH:0
end_of_record
TN:
SF:src\utils\invalidateCache.js
FN:11,(anonymous_0)
FNF:1
FNH:1
FNDA:5,(anonymous_0)
DA:1,2
DA:11,2
DA:12,5
DA:13,5
DA:14,5
DA:16,5
DA:17,6
DA:18,5
DA:19,5
DA:22,4
DA:23,3
DA:24,2
DA:28,2
DA:32,2
LF:14
LH:14
BRDA:22,0,0,3
BRDA:22,0,1,1
BRF:2
BRH:2
end_of_record
